Removed Pin From Net: NetName=VCC Pin=X1-2
Removed Pin From Net: NetName=NetX1_3 Pin=X1-3
Removed Pin From Net: NetName=NetX1_5 Pin=X1-5
Removed Pin From Net: NetName=GND Pin=X1-9
Removed Pin From Net: NetName=GND Pin=X1-39
Removed Pin From Net: NetName=NetD1_4 Pin=X1-40
Removed Pin From Net: NetName=VCC Pin=X2-2
Removed Pin From Net: NetName=VCC Pin=X3-2
Change Component Footprint: Designator=X1 Old Footprint=CON: PLD-40 (2.00) New Footprint=CON: PBD-40 (2.54)
Change Component Footprint: Designator=X2 Old Footprint=CON: PLD-40 (2.00) New Footprint=CON: PBD-40 (2.54)
Change Component Footprint: Designator=X3 Old Footprint=CON: PLD-40 (2.00) New Footprint=CON: PBD-40 (2.54)
Change Component Comment : Designator=X1 Old Comment=Connector, 40pin, 2mm, 500VAC, 3A New Comment=Connector, 20pin, 2.54mm, 500VAC, 3A
Change Component Comment : Designator=X2 Old Comment=Connector, 40pin, 2mm, 500VAC, 3A New Comment=Connector, 20pin, 2.54mm, 500VAC, 3A
Change Component Comment : Designator=X3 Old Comment=Connector, 40pin, 2mm, 500VAC, 3A New Comment=Connector, 20pin, 2.54mm, 500VAC, 3A
Change component parameters: Designator = "X1" ("X1"); Footprint = "CON: PLD-40 (2.00)"; UniqueID = "\SKJPCMHZ\OAVLYROS" ("\SKJPCMHZ\OAVLYROS")
Change component parameters (AddParameter): Name = "CommentText"; Value = ""׀אחתול""; VariantName = "[No Variations]"
Change component parameters (AddParameter): Name = "CurrentMax"; Value = "3A"; VariantName = "[No Variations]"
Change component parameters (AddParameter): Name = "HelpURL"; Value = "https://www.chipdip.ru/product/pls-20"; VariantName = "[No Variations]"
Change component parameters (AddParameter): Name = "Manufacturer"; Value = "Connfly"; VariantName = "[No Variations]"
Change component parameters (AddParameter): Name = "Multichannel"; Value = "20pin"; VariantName = "[No Variations]"
Change component parameters (AddParameter): Name = "PartNumber"; Value = "PLS-20"; VariantName = "[No Variations]"
Change component parameters (AddParameter): Name = "Pitch"; Value = "2.54mm"; VariantName = "[No Variations]"
Change component parameters (AddParameter): Name = "TypeConnector"; Value = "Connector"; VariantName = "[No Variations]"
Change component parameters (AddParameter): Name = "ValueManufacturerPartNumber"; Value = "Connector, 20pin, 2.54mm, 500VAC, 3A"; VariantName = "[No Variations]"
Change component parameters (AddParameter): Name = "VoltageMax"; Value = "500VAC"; VariantName = "[No Variations]"
Change component parameters: Designator = "X2" ("X2"); Footprint = "CON: PLD-40 (2.00)"; UniqueID = "\SKJPCMHZ\QXEUPUOK" ("\SKJPCMHZ\QXEUPUOK")
Change component parameters (AddParameter): Name = "CommentText"; Value = ""׀אחתול""; VariantName = "[No Variations]"
Change component parameters (AddParameter): Name = "CurrentMax"; Value = "3A"; VariantName = "[No Variations]"
Change component parameters (AddParameter): Name = "HelpURL"; Value = "https://www.chipdip.ru/product/pls-20"; VariantName = "[No Variations]"
Change component parameters (AddParameter): Name = "Manufacturer"; Value = "Connfly"; VariantName = "[No Variations]"
Change component parameters (AddParameter): Name = "Multichannel"; Value = "20pin"; VariantName = "[No Variations]"
Change component parameters (AddParameter): Name = "PartNumber"; Value = "PLS-20"; VariantName = "[No Variations]"
Change component parameters (AddParameter): Name = "Pitch"; Value = "2.54mm"; VariantName = "[No Variations]"
Change component parameters (AddParameter): Name = "TypeConnector"; Value = "Connector"; VariantName = "[No Variations]"
Change component parameters (AddParameter): Name = "ValueManufacturerPartNumber"; Value = "Connector, 20pin, 2.54mm, 500VAC, 3A"; VariantName = "[No Variations]"
Change component parameters (AddParameter): Name = "VoltageMax"; Value = "500VAC"; VariantName = "[No Variations]"
Change component parameters: Designator = "X3" ("X3"); Footprint = "CON: PLD-40 (2.00)"; UniqueID = "\SKJPCMHZ\PLDCIRAB" ("\SKJPCMHZ\PLDCIRAB")
Change component parameters (AddParameter): Name = "CommentText"; Value = ""׀אחתול""; VariantName = "[No Variations]"
Change component parameters (AddParameter): Name = "CurrentMax"; Value = "3A"; VariantName = "[No Variations]"
Change component parameters (AddParameter): Name = "HelpURL"; Value = "https://www.chipdip.ru/product/pls-20"; VariantName = "[No Variations]"
Change component parameters (AddParameter): Name = "Manufacturer"; Value = "Connfly"; VariantName = "[No Variations]"
Change component parameters (AddParameter): Name = "Multichannel"; Value = "20pin"; VariantName = "[No Variations]"
Change component parameters (AddParameter): Name = "PartNumber"; Value = "PLS-20"; VariantName = "[No Variations]"
Change component parameters (AddParameter): Name = "Pitch"; Value = "2.54mm"; VariantName = "[No Variations]"
Change component parameters (AddParameter): Name = "TypeConnector"; Value = "Connector"; VariantName = "[No Variations]"
Change component parameters (AddParameter): Name = "ValueManufacturerPartNumber"; Value = "Connector, 20pin, 2.54mm, 500VAC, 3A"; VariantName = "[No Variations]"
Change component parameters (AddParameter): Name = "VoltageMax"; Value = "500VAC"; VariantName = "[No Variations]"
Added Pin To Net: NetName=VCC Pin=X1-1
Added Pin To Net: NetName=NetX1_5 Pin=X1-2
Added Pin To Net: NetName=NetX1_3 Pin=X1-4
Added Pin To Net: NetName=GND Pin=X1-8
Added Pin To Net: NetName=GND Pin=X1-38
Added Pin To Net: NetName=NetD1_4 Pin=X1-39
Added Pin To Net: NetName=VCC Pin=X2-1
Added Pin To Net: NetName=VCC Pin=X3-1
Change Net Name : Old Net Name=NetX1_3 New Net Name=NetX1_4
Change Net Name : Old Net Name=NetX1_5 New Net Name=NetX1_2
