Removed Pin From Net: NetName=NetX3_3 Pin=X1-3
Removed Pin From Net: NetName=NetX3_5 Pin=X1-5
Removed Pin From Net: NetName=GND Pin=X1-6
Removed Pin From Net: NetName=GND Pin=X1-39
Removed Pin From Net: NetName=NetD1_4 Pin=X1-40
Removed Pin From Net: NetName=NetR5_1 Pin=X2-31
Removed Pin From Net: NetName=NetR7_1 Pin=X2-32
Removed Pin From Net: NetName=NetR9_1 Pin=X2-33
Removed Pin From Net: NetName=NetR11_1 Pin=X2-35
Removed Pin From Net: NetName=NetR13_1 Pin=X2-36
Removed Pin From Net: NetName=NetR15_1 Pin=X2-37
Removed Pin From Net: NetName=NetR17_1 Pin=X2-38
Removed Pin From Net: NetName=NetR19_1 Pin=X2-40
Change Component Designator: OldDesignator=X1 NewDesignator=X3
Change Component Designator: OldDesignator=X3 NewDesignator=X1
Added Pin To Net: NetName=VCC Pin=X1-2
Added Pin To Net: NetName=NetX3_5 Pin=X1-3
Added Pin To Net: NetName=NetX3_3 Pin=X1-5
Added Pin To Net: NetName=GND Pin=X1-9
Added Pin To Net: NetName=GND Pin=X1-39
Added Pin To Net: NetName=NetD1_4 Pin=X1-40
Added Pin To Net: NetName=VCC Pin=X2-2
Added Pin To Net: NetName=GND Pin=X2-9
Added Pin To Net: NetName=NetR19_1 Pin=X3-3
Added Pin To Net: NetName=NetR17_1 Pin=X3-5
Added Pin To Net: NetName=NetR15_1 Pin=X3-7
Added Pin To Net: NetName=NetR13_1 Pin=X3-8
Added Pin To Net: NetName=GND Pin=X3-9
Added Pin To Net: NetName=NetR11_1 Pin=X3-10
Added Pin To Net: NetName=NetR9_1 Pin=X3-11
Added Pin To Net: NetName=NetR7_1 Pin=X3-12
Added Pin To Net: NetName=NetR5_1 Pin=X3-13
Change Net Name : Old Net Name=NetX3_3 New Net Name=NetX1_5
Change Net Name : Old Net Name=NetX3_5 New Net Name=NetX1_3
Added Member To Class: ClassName=CORE Member=Component X3 Connector, 40pin, 2mm, 500VAC, 3A
