Removed Pin From Net: NetName=NetD1_2 Pin=X4-1
Change Component Comment : Designator=R7 Old Comment=Resistor film, 10R, ±5%, 0805, 0.125W, -55...+125°C New Comment=Resistor film, 1k, ±5%, 0805, 0.125W, -55...+125°C
Change Component Comment : Designator=R11 Old Comment=Resistor film, 10R, ±5%, 0805, 0.125W, -55...+125°C New Comment=Resistor film, 1k, ±5%, 0805, 0.125W, -55...+125°C
Change Component Comment : Designator=R15 Old Comment=Resistor film, 10R, ±5%, 0805, 0.125W, -55...+125°C New Comment=Resistor film, 1k, ±5%, 0805, 0.125W, -55...+125°C
Change Component Comment : Designator=R19 Old Comment=Resistor film, 10R, ±5%, 0805, 0.125W, -55...+125°C New Comment=Resistor film, 1k, ±5%, 0805, 0.125W, -55...+125°C
Change Component Comment : Designator=R23 Old Comment=Resistor film, 10R, ±5%, 0805, 0.125W, -55...+125°C New Comment=Resistor film, 1k, ±5%, 0805, 0.125W, -55...+125°C
Change Component Comment : Designator=R27 Old Comment=Resistor film, 10R, ±5%, 0805, 0.125W, -55...+125°C New Comment=Resistor film, 1k, ±5%, 0805, 0.125W, -55...+125°C
Change Component Comment : Designator=R31 Old Comment=Resistor film, 10R, ±5%, 0805, 0.125W, -55...+125°C New Comment=Resistor film, 1k, ±5%, 0805, 0.125W, -55...+125°C
Change Component Comment : Designator=R35 Old Comment=Resistor film, 10R, ±5%, 0805, 0.125W, -55...+125°C New Comment=Resistor film, 1k, ±5%, 0805, 0.125W, -55...+125°C
Change Component Comment : Designator=R39 Old Comment=Resistor film, 10R, ±5%, 0805, 0.125W, -55...+125°C New Comment=Resistor film, 1k, ±5%, 0805, 0.125W, -55...+125°C
Change Component Comment : Designator=R43 Old Comment=Resistor film, 10R, ±5%, 0805, 0.125W, -55...+125°C New Comment=Resistor film, 1k, ±5%, 0805, 0.125W, -55...+125°C
Change Component Comment : Designator=R47 Old Comment=Resistor film, 10R, ±5%, 0805, 0.125W, -55...+125°C New Comment=Resistor film, 1k, ±5%, 0805, 0.125W, -55...+125°C
Change Component Comment : Designator=R51 Old Comment=Resistor film, 10R, ±5%, 0805, 0.125W, -55...+125°C New Comment=Resistor film, 1k, ±5%, 0805, 0.125W, -55...+125°C
Change Component Comment : Designator=R55 Old Comment=Resistor film, 10R, ±5%, 0805, 0.125W, -55...+125°C New Comment=Resistor film, 1k, ±5%, 0805, 0.125W, -55...+125°C
Change Component Comment : Designator=R59 Old Comment=Resistor film, 10R, ±5%, 0805, 0.125W, -55...+125°C New Comment=Resistor film, 1k, ±5%, 0805, 0.125W, -55...+125°C
Change Component Comment : Designator=R63 Old Comment=Resistor film, 10R, ±5%, 0805, 0.125W, -55...+125°C New Comment=Resistor film, 1k, ±5%, 0805, 0.125W, -55...+125°C
Change Component Comment : Designator=R67 Old Comment=Resistor film, 10R, ±5%, 0805, 0.125W, -55...+125°C New Comment=Resistor film, 1k, ±5%, 0805, 0.125W, -55...+125°C
Change component parameters: Designator = "R7" ("R3"); Footprint = "RES: 0805"; UniqueID = "\PSIKNBXD\ZDGBAZAG" ("\PSIKNBXD\ZDGBAZAG")
Change component parameters (AddParameter): Name = "HelpURL"; Value = "https://www.digikey.com/product-detail/en/yageo/RC0805JR-07100RL/311-100ARCT-ND/731185"; VariantName = "[No Variations]"
Change component parameters (AddParameter): Name = "Manufacturer"; Value = "Yageo"; VariantName = "[No Variations]"
Change component parameters (AddParameter): Name = "Package"; Value = "0805"; VariantName = "[No Variations]"
Change component parameters (AddParameter): Name = "PartNumber"; Value = "RC0805JR-07100RL"; VariantName = "[No Variations]"
Change component parameters (AddParameter): Name = "Power"; Value = "0.125W"; VariantName = "[No Variations]"
Change component parameters (AddParameter): Name = "Temperature"; Value = "-55...+125°C"; VariantName = "[No Variations]"
Change component parameters (AddParameter): Name = "Tolerance"; Value = "±5%"; VariantName = "[No Variations]"
Change component parameters (AddParameter): Name = "TypeResistor"; Value = "Resistor film"; VariantName = "[No Variations]"
Change component parameters (AddParameter): Name = "Value"; Value = "1k"; VariantName = "[No Variations]"
Change component parameters (AddParameter): Name = "ValueManufacturerPartNumber"; Value = "Resistor film, 1k, ±5%, 0805, 0.125W, -55...+125°C"; VariantName = "[No Variations]"
Change component parameters: Designator = "R11" ("R3"); Footprint = "RES: 0805"; UniqueID = "\YNQHBLBI\ZDGBAZAG" ("\YNQHBLBI\ZDGBAZAG")
Change component parameters (AddParameter): Name = "HelpURL"; Value = "https://www.digikey.com/product-detail/en/yageo/RC0805JR-07100RL/311-100ARCT-ND/731185"; VariantName = "[No Variations]"
Change component parameters (AddParameter): Name = "Manufacturer"; Value = "Yageo"; VariantName = "[No Variations]"
Change component parameters (AddParameter): Name = "Package"; Value = "0805"; VariantName = "[No Variations]"
Change component parameters (AddParameter): Name = "PartNumber"; Value = "RC0805JR-07100RL"; VariantName = "[No Variations]"
Change component parameters (AddParameter): Name = "Power"; Value = "0.125W"; VariantName = "[No Variations]"
Change component parameters (AddParameter): Name = "Temperature"; Value = "-55...+125°C"; VariantName = "[No Variations]"
Change component parameters (AddParameter): Name = "Tolerance"; Value = "±5%"; VariantName = "[No Variations]"
Change component parameters (AddParameter): Name = "TypeResistor"; Value = "Resistor film"; VariantName = "[No Variations]"
Change component parameters (AddParameter): Name = "Value"; Value = "1k"; VariantName = "[No Variations]"
Change component parameters (AddParameter): Name = "ValueManufacturerPartNumber"; Value = "Resistor film, 1k, ±5%, 0805, 0.125W, -55...+125°C"; VariantName = "[No Variations]"
Change component parameters: Designator = "R15" ("R3"); Footprint = "RES: 0805"; UniqueID = "\RFHXCGGD\ZDGBAZAG" ("\RFHXCGGD\ZDGBAZAG")
Change component parameters (AddParameter): Name = "HelpURL"; Value = "https://www.digikey.com/product-detail/en/yageo/RC0805JR-07100RL/311-100ARCT-ND/731185"; VariantName = "[No Variations]"
Change component parameters (AddParameter): Name = "Manufacturer"; Value = "Yageo"; VariantName = "[No Variations]"
Change component parameters (AddParameter): Name = "Package"; Value = "0805"; VariantName = "[No Variations]"
Change component parameters (AddParameter): Name = "PartNumber"; Value = "RC0805JR-07100RL"; VariantName = "[No Variations]"
Change component parameters (AddParameter): Name = "Power"; Value = "0.125W"; VariantName = "[No Variations]"
Change component parameters (AddParameter): Name = "Temperature"; Value = "-55...+125°C"; VariantName = "[No Variations]"
Change component parameters (AddParameter): Name = "Tolerance"; Value = "±5%"; VariantName = "[No Variations]"
Change component parameters (AddParameter): Name = "TypeResistor"; Value = "Resistor film"; VariantName = "[No Variations]"
Change component parameters (AddParameter): Name = "Value"; Value = "1k"; VariantName = "[No Variations]"
Change component parameters (AddParameter): Name = "ValueManufacturerPartNumber"; Value = "Resistor film, 1k, ±5%, 0805, 0.125W, -55...+125°C"; VariantName = "[No Variations]"
Change component parameters: Designator = "R19" ("R3"); Footprint = "RES: 0805"; UniqueID = "\HSNMBFIP\ZDGBAZAG" ("\HSNMBFIP\ZDGBAZAG")
Change component parameters (AddParameter): Name = "HelpURL"; Value = "https://www.digikey.com/product-detail/en/yageo/RC0805JR-07100RL/311-100ARCT-ND/731185"; VariantName = "[No Variations]"
Change component parameters (AddParameter): Name = "Manufacturer"; Value = "Yageo"; VariantName = "[No Variations]"
Change component parameters (AddParameter): Name = "Package"; Value = "0805"; VariantName = "[No Variations]"
Change component parameters (AddParameter): Name = "PartNumber"; Value = "RC0805JR-07100RL"; VariantName = "[No Variations]"
Change component parameters (AddParameter): Name = "Power"; Value = "0.125W"; VariantName = "[No Variations]"
Change component parameters (AddParameter): Name = "Temperature"; Value = "-55...+125°C"; VariantName = "[No Variations]"
Change component parameters (AddParameter): Name = "Tolerance"; Value = "±5%"; VariantName = "[No Variations]"
Change component parameters (AddParameter): Name = "TypeResistor"; Value = "Resistor film"; VariantName = "[No Variations]"
Change component parameters (AddParameter): Name = "Value"; Value = "1k"; VariantName = "[No Variations]"
Change component parameters (AddParameter): Name = "ValueManufacturerPartNumber"; Value = "Resistor film, 1k, ±5%, 0805, 0.125W, -55...+125°C"; VariantName = "[No Variations]"
Change component parameters: Designator = "R23" ("R3"); Footprint = "RES: 0805"; UniqueID = "\YFAMDQPV\ZDGBAZAG" ("\YFAMDQPV\ZDGBAZAG")
Change component parameters (AddParameter): Name = "HelpURL"; Value = "https://www.digikey.com/product-detail/en/yageo/RC0805JR-07100RL/311-100ARCT-ND/731185"; VariantName = "[No Variations]"
Change component parameters (AddParameter): Name = "Manufacturer"; Value = "Yageo"; VariantName = "[No Variations]"
Change component parameters (AddParameter): Name = "Package"; Value = "0805"; VariantName = "[No Variations]"
Change component parameters (AddParameter): Name = "PartNumber"; Value = "RC0805JR-07100RL"; VariantName = "[No Variations]"
Change component parameters (AddParameter): Name = "Power"; Value = "0.125W"; VariantName = "[No Variations]"
Change component parameters (AddParameter): Name = "Temperature"; Value = "-55...+125°C"; VariantName = "[No Variations]"
Change component parameters (AddParameter): Name = "Tolerance"; Value = "±5%"; VariantName = "[No Variations]"
Change component parameters (AddParameter): Name = "TypeResistor"; Value = "Resistor film"; VariantName = "[No Variations]"
Change component parameters (AddParameter): Name = "Value"; Value = "1k"; VariantName = "[No Variations]"
Change component parameters (AddParameter): Name = "ValueManufacturerPartNumber"; Value = "Resistor film, 1k, ±5%, 0805, 0.125W, -55...+125°C"; VariantName = "[No Variations]"
Change component parameters: Designator = "R27" ("R3"); Footprint = "RES: 0805"; UniqueID = "\QEXUWGNM\ZDGBAZAG" ("\QEXUWGNM\ZDGBAZAG")
Change component parameters (AddParameter): Name = "HelpURL"; Value = "https://www.digikey.com/product-detail/en/yageo/RC0805JR-07100RL/311-100ARCT-ND/731185"; VariantName = "[No Variations]"
Change component parameters (AddParameter): Name = "Manufacturer"; Value = "Yageo"; VariantName = "[No Variations]"
Change component parameters (AddParameter): Name = "Package"; Value = "0805"; VariantName = "[No Variations]"
Change component parameters (AddParameter): Name = "PartNumber"; Value = "RC0805JR-07100RL"; VariantName = "[No Variations]"
Change component parameters (AddParameter): Name = "Power"; Value = "0.125W"; VariantName = "[No Variations]"
Change component parameters (AddParameter): Name = "Temperature"; Value = "-55...+125°C"; VariantName = "[No Variations]"
Change component parameters (AddParameter): Name = "Tolerance"; Value = "±5%"; VariantName = "[No Variations]"
Change component parameters (AddParameter): Name = "TypeResistor"; Value = "Resistor film"; VariantName = "[No Variations]"
Change component parameters (AddParameter): Name = "Value"; Value = "1k"; VariantName = "[No Variations]"
Change component parameters (AddParameter): Name = "ValueManufacturerPartNumber"; Value = "Resistor film, 1k, ±5%, 0805, 0.125W, -55...+125°C"; VariantName = "[No Variations]"
Change component parameters: Designator = "R31" ("R3"); Footprint = "RES: 0805"; UniqueID = "\EVTXEULB\ZDGBAZAG" ("\EVTXEULB\ZDGBAZAG")
Change component parameters (AddParameter): Name = "HelpURL"; Value = "https://www.digikey.com/product-detail/en/yageo/RC0805JR-07100RL/311-100ARCT-ND/731185"; VariantName = "[No Variations]"
Change component parameters (AddParameter): Name = "Manufacturer"; Value = "Yageo"; VariantName = "[No Variations]"
Change component parameters (AddParameter): Name = "Package"; Value = "0805"; VariantName = "[No Variations]"
Change component parameters (AddParameter): Name = "PartNumber"; Value = "RC0805JR-07100RL"; VariantName = "[No Variations]"
Change component parameters (AddParameter): Name = "Power"; Value = "0.125W"; VariantName = "[No Variations]"
Change component parameters (AddParameter): Name = "Temperature"; Value = "-55...+125°C"; VariantName = "[No Variations]"
Change component parameters (AddParameter): Name = "Tolerance"; Value = "±5%"; VariantName = "[No Variations]"
Change component parameters (AddParameter): Name = "TypeResistor"; Value = "Resistor film"; VariantName = "[No Variations]"
Change component parameters (AddParameter): Name = "Value"; Value = "1k"; VariantName = "[No Variations]"
Change component parameters (AddParameter): Name = "ValueManufacturerPartNumber"; Value = "Resistor film, 1k, ±5%, 0805, 0.125W, -55...+125°C"; VariantName = "[No Variations]"
Change component parameters: Designator = "R35" ("R3"); Footprint = "RES: 0805"; UniqueID = "\ADLCEAEO\ZDGBAZAG" ("\ADLCEAEO\ZDGBAZAG")
Change component parameters (AddParameter): Name = "HelpURL"; Value = "https://www.digikey.com/product-detail/en/yageo/RC0805JR-07100RL/311-100ARCT-ND/731185"; VariantName = "[No Variations]"
Change component parameters (AddParameter): Name = "Manufacturer"; Value = "Yageo"; VariantName = "[No Variations]"
Change component parameters (AddParameter): Name = "Package"; Value = "0805"; VariantName = "[No Variations]"
Change component parameters (AddParameter): Name = "PartNumber"; Value = "RC0805JR-07100RL"; VariantName = "[No Variations]"
Change component parameters (AddParameter): Name = "Power"; Value = "0.125W"; VariantName = "[No Variations]"
Change component parameters (AddParameter): Name = "Temperature"; Value = "-55...+125°C"; VariantName = "[No Variations]"
Change component parameters (AddParameter): Name = "Tolerance"; Value = "±5%"; VariantName = "[No Variations]"
Change component parameters (AddParameter): Name = "TypeResistor"; Value = "Resistor film"; VariantName = "[No Variations]"
Change component parameters (AddParameter): Name = "Value"; Value = "1k"; VariantName = "[No Variations]"
Change component parameters (AddParameter): Name = "ValueManufacturerPartNumber"; Value = "Resistor film, 1k, ±5%, 0805, 0.125W, -55...+125°C"; VariantName = "[No Variations]"
Change component parameters: Designator = "R39" ("R3"); Footprint = "RES: 0805"; UniqueID = "\NPSOFRMJ\ZDGBAZAG" ("\NPSOFRMJ\ZDGBAZAG")
Change component parameters (AddParameter): Name = "HelpURL"; Value = "https://www.digikey.com/product-detail/en/yageo/RC0805JR-07100RL/311-100ARCT-ND/731185"; VariantName = "[No Variations]"
Change component parameters (AddParameter): Name = "Manufacturer"; Value = "Yageo"; VariantName = "[No Variations]"
Change component parameters (AddParameter): Name = "Package"; Value = "0805"; VariantName = "[No Variations]"
Change component parameters (AddParameter): Name = "PartNumber"; Value = "RC0805JR-07100RL"; VariantName = "[No Variations]"
Change component parameters (AddParameter): Name = "Power"; Value = "0.125W"; VariantName = "[No Variations]"
Change component parameters (AddParameter): Name = "Temperature"; Value = "-55...+125°C"; VariantName = "[No Variations]"
Change component parameters (AddParameter): Name = "Tolerance"; Value = "±5%"; VariantName = "[No Variations]"
Change component parameters (AddParameter): Name = "TypeResistor"; Value = "Resistor film"; VariantName = "[No Variations]"
Change component parameters (AddParameter): Name = "Value"; Value = "1k"; VariantName = "[No Variations]"
Change component parameters (AddParameter): Name = "ValueManufacturerPartNumber"; Value = "Resistor film, 1k, ±5%, 0805, 0.125W, -55...+125°C"; VariantName = "[No Variations]"
Change component parameters: Designator = "R43" ("R3"); Footprint = "RES: 0805"; UniqueID = "\NLMZXNHT\ZDGBAZAG" ("\NLMZXNHT\ZDGBAZAG")
Change component parameters (AddParameter): Name = "HelpURL"; Value = "https://www.digikey.com/product-detail/en/yageo/RC0805JR-07100RL/311-100ARCT-ND/731185"; VariantName = "[No Variations]"
Change component parameters (AddParameter): Name = "Manufacturer"; Value = "Yageo"; VariantName = "[No Variations]"
Change component parameters (AddParameter): Name = "Package"; Value = "0805"; VariantName = "[No Variations]"
Change component parameters (AddParameter): Name = "PartNumber"; Value = "RC0805JR-07100RL"; VariantName = "[No Variations]"
Change component parameters (AddParameter): Name = "Power"; Value = "0.125W"; VariantName = "[No Variations]"
Change component parameters (AddParameter): Name = "Temperature"; Value = "-55...+125°C"; VariantName = "[No Variations]"
Change component parameters (AddParameter): Name = "Tolerance"; Value = "±5%"; VariantName = "[No Variations]"
Change component parameters (AddParameter): Name = "TypeResistor"; Value = "Resistor film"; VariantName = "[No Variations]"
Change component parameters (AddParameter): Name = "Value"; Value = "1k"; VariantName = "[No Variations]"
Change component parameters (AddParameter): Name = "ValueManufacturerPartNumber"; Value = "Resistor film, 1k, ±5%, 0805, 0.125W, -55...+125°C"; VariantName = "[No Variations]"
Change component parameters: Designator = "R47" ("R3"); Footprint = "RES: 0805"; UniqueID = "\HWSNPNIK\ZDGBAZAG" ("\HWSNPNIK\ZDGBAZAG")
Change component parameters (AddParameter): Name = "HelpURL"; Value = "https://www.digikey.com/product-detail/en/yageo/RC0805JR-07100RL/311-100ARCT-ND/731185"; VariantName = "[No Variations]"
Change component parameters (AddParameter): Name = "Manufacturer"; Value = "Yageo"; VariantName = "[No Variations]"
Change component parameters (AddParameter): Name = "Package"; Value = "0805"; VariantName = "[No Variations]"
Change component parameters (AddParameter): Name = "PartNumber"; Value = "RC0805JR-07100RL"; VariantName = "[No Variations]"
Change component parameters (AddParameter): Name = "Power"; Value = "0.125W"; VariantName = "[No Variations]"
Change component parameters (AddParameter): Name = "Temperature"; Value = "-55...+125°C"; VariantName = "[No Variations]"
Change component parameters (AddParameter): Name = "Tolerance"; Value = "±5%"; VariantName = "[No Variations]"
Change component parameters (AddParameter): Name = "TypeResistor"; Value = "Resistor film"; VariantName = "[No Variations]"
Change component parameters (AddParameter): Name = "Value"; Value = "1k"; VariantName = "[No Variations]"
Change component parameters (AddParameter): Name = "ValueManufacturerPartNumber"; Value = "Resistor film, 1k, ±5%, 0805, 0.125W, -55...+125°C"; VariantName = "[No Variations]"
Change component parameters: Designator = "R51" ("R3"); Footprint = "RES: 0805"; UniqueID = "\EQESERQF\ZDGBAZAG" ("\EQESERQF\ZDGBAZAG")
Change component parameters (AddParameter): Name = "HelpURL"; Value = "https://www.digikey.com/product-detail/en/yageo/RC0805JR-07100RL/311-100ARCT-ND/731185"; VariantName = "[No Variations]"
Change component parameters (AddParameter): Name = "Manufacturer"; Value = "Yageo"; VariantName = "[No Variations]"
Change component parameters (AddParameter): Name = "Package"; Value = "0805"; VariantName = "[No Variations]"
Change component parameters (AddParameter): Name = "PartNumber"; Value = "RC0805JR-07100RL"; VariantName = "[No Variations]"
Change component parameters (AddParameter): Name = "Power"; Value = "0.125W"; VariantName = "[No Variations]"
Change component parameters (AddParameter): Name = "Temperature"; Value = "-55...+125°C"; VariantName = "[No Variations]"
Change component parameters (AddParameter): Name = "Tolerance"; Value = "±5%"; VariantName = "[No Variations]"
Change component parameters (AddParameter): Name = "TypeResistor"; Value = "Resistor film"; VariantName = "[No Variations]"
Change component parameters (AddParameter): Name = "Value"; Value = "1k"; VariantName = "[No Variations]"
Change component parameters (AddParameter): Name = "ValueManufacturerPartNumber"; Value = "Resistor film, 1k, ±5%, 0805, 0.125W, -55...+125°C"; VariantName = "[No Variations]"
Change component parameters: Designator = "R55" ("R3"); Footprint = "RES: 0805"; UniqueID = "\DOJHPUZS\ZDGBAZAG" ("\DOJHPUZS\ZDGBAZAG")
Change component parameters (AddParameter): Name = "HelpURL"; Value = "https://www.digikey.com/product-detail/en/yageo/RC0805JR-07100RL/311-100ARCT-ND/731185"; VariantName = "[No Variations]"
Change component parameters (AddParameter): Name = "Manufacturer"; Value = "Yageo"; VariantName = "[No Variations]"
Change component parameters (AddParameter): Name = "Package"; Value = "0805"; VariantName = "[No Variations]"
Change component parameters (AddParameter): Name = "PartNumber"; Value = "RC0805JR-07100RL"; VariantName = "[No Variations]"
Change component parameters (AddParameter): Name = "Power"; Value = "0.125W"; VariantName = "[No Variations]"
Change component parameters (AddParameter): Name = "Temperature"; Value = "-55...+125°C"; VariantName = "[No Variations]"
Change component parameters (AddParameter): Name = "Tolerance"; Value = "±5%"; VariantName = "[No Variations]"
Change component parameters (AddParameter): Name = "TypeResistor"; Value = "Resistor film"; VariantName = "[No Variations]"
Change component parameters (AddParameter): Name = "Value"; Value = "1k"; VariantName = "[No Variations]"
Change component parameters (AddParameter): Name = "ValueManufacturerPartNumber"; Value = "Resistor film, 1k, ±5%, 0805, 0.125W, -55...+125°C"; VariantName = "[No Variations]"
Change component parameters: Designator = "R59" ("R3"); Footprint = "RES: 0805"; UniqueID = "\MNCMMFTF\ZDGBAZAG" ("\MNCMMFTF\ZDGBAZAG")
Change component parameters (AddParameter): Name = "HelpURL"; Value = "https://www.digikey.com/product-detail/en/yageo/RC0805JR-07100RL/311-100ARCT-ND/731185"; VariantName = "[No Variations]"
Change component parameters (AddParameter): Name = "Manufacturer"; Value = "Yageo"; VariantName = "[No Variations]"
Change component parameters (AddParameter): Name = "Package"; Value = "0805"; VariantName = "[No Variations]"
Change component parameters (AddParameter): Name = "PartNumber"; Value = "RC0805JR-07100RL"; VariantName = "[No Variations]"
Change component parameters (AddParameter): Name = "Power"; Value = "0.125W"; VariantName = "[No Variations]"
Change component parameters (AddParameter): Name = "Temperature"; Value = "-55...+125°C"; VariantName = "[No Variations]"
Change component parameters (AddParameter): Name = "Tolerance"; Value = "±5%"; VariantName = "[No Variations]"
Change component parameters (AddParameter): Name = "TypeResistor"; Value = "Resistor film"; VariantName = "[No Variations]"
Change component parameters (AddParameter): Name = "Value"; Value = "1k"; VariantName = "[No Variations]"
Change component parameters (AddParameter): Name = "ValueManufacturerPartNumber"; Value = "Resistor film, 1k, ±5%, 0805, 0.125W, -55...+125°C"; VariantName = "[No Variations]"
Change component parameters: Designator = "R63" ("R3"); Footprint = "RES: 0805"; UniqueID = "\HVZWPARD\ZDGBAZAG" ("\HVZWPARD\ZDGBAZAG")
Change component parameters (AddParameter): Name = "HelpURL"; Value = "https://www.digikey.com/product-detail/en/yageo/RC0805JR-07100RL/311-100ARCT-ND/731185"; VariantName = "[No Variations]"
Change component parameters (AddParameter): Name = "Manufacturer"; Value = "Yageo"; VariantName = "[No Variations]"
Change component parameters (AddParameter): Name = "Package"; Value = "0805"; VariantName = "[No Variations]"
Change component parameters (AddParameter): Name = "PartNumber"; Value = "RC0805JR-07100RL"; VariantName = "[No Variations]"
Change component parameters (AddParameter): Name = "Power"; Value = "0.125W"; VariantName = "[No Variations]"
Change component parameters (AddParameter): Name = "Temperature"; Value = "-55...+125°C"; VariantName = "[No Variations]"
Change component parameters (AddParameter): Name = "Tolerance"; Value = "±5%"; VariantName = "[No Variations]"
Change component parameters (AddParameter): Name = "TypeResistor"; Value = "Resistor film"; VariantName = "[No Variations]"
Change component parameters (AddParameter): Name = "Value"; Value = "1k"; VariantName = "[No Variations]"
Change component parameters (AddParameter): Name = "ValueManufacturerPartNumber"; Value = "Resistor film, 1k, ±5%, 0805, 0.125W, -55...+125°C"; VariantName = "[No Variations]"
Change component parameters: Designator = "R67" ("R3"); Footprint = "RES: 0805"; UniqueID = "\IKBRGNRY\ZDGBAZAG" ("\IKBRGNRY\ZDGBAZAG")
Change component parameters (AddParameter): Name = "HelpURL"; Value = "https://www.digikey.com/product-detail/en/yageo/RC0805JR-07100RL/311-100ARCT-ND/731185"; VariantName = "[No Variations]"
Change component parameters (AddParameter): Name = "Manufacturer"; Value = "Yageo"; VariantName = "[No Variations]"
Change component parameters (AddParameter): Name = "Package"; Value = "0805"; VariantName = "[No Variations]"
Change component parameters (AddParameter): Name = "PartNumber"; Value = "RC0805JR-07100RL"; VariantName = "[No Variations]"
Change component parameters (AddParameter): Name = "Power"; Value = "0.125W"; VariantName = "[No Variations]"
Change component parameters (AddParameter): Name = "Temperature"; Value = "-55...+125°C"; VariantName = "[No Variations]"
Change component parameters (AddParameter): Name = "Tolerance"; Value = "±5%"; VariantName = "[No Variations]"
Change component parameters (AddParameter): Name = "TypeResistor"; Value = "Resistor film"; VariantName = "[No Variations]"
Change component parameters (AddParameter): Name = "Value"; Value = "1k"; VariantName = "[No Variations]"
Change component parameters (AddParameter): Name = "ValueManufacturerPartNumber"; Value = "Resistor film, 1k, ±5%, 0805, 0.125W, -55...+125°C"; VariantName = "[No Variations]"
Added Component: Designator=R(RES: 0805)
Add component (AddParameter): Name = "HelpURL"; Value = "https://www.digikey.com/product-detail/en/yageo/RC0805JR-07100RL/311-100ARCT-ND/731185"; VariantName = "[No Variations]"
Add component (AddParameter): Name = "Manufacturer"; Value = "Yageo"; VariantName = "[No Variations]"
Add component (AddParameter): Name = "Package"; Value = "0805"; VariantName = "[No Variations]"
Add component (AddParameter): Name = "PartNumber"; Value = "RC0805JR-07100RL"; VariantName = "[No Variations]"
Add component (AddParameter): Name = "Power"; Value = "0.125W"; VariantName = "[No Variations]"
Add component (AddParameter): Name = "Temperature"; Value = "-55...+125°C"; VariantName = "[No Variations]"
Add component (AddParameter): Name = "Tolerance"; Value = "±5%"; VariantName = "[No Variations]"
Add component (AddParameter): Name = "TypeResistor"; Value = "Resistor film"; VariantName = "[No Variations]"
Add component (AddParameter): Name = "Value"; Value = "4k7"; VariantName = "[No Variations]"
Add component (AddParameter): Name = "ValueManufacturerPartNumber"; Value = "Resistor film, 4k7, ±5%, 0805, 0.125W, -55...+125°C"; VariantName = "[No Variations]"
Added Pin To Net: NetName=NetR3_2 Pin=R-1
Added Pin To Net: NetName=NetR_2 Pin=R-2
Added Pin To Net: NetName=NetR_2 Pin=X4-1
Added Net: Name=NetR_2
Added Member To Class: ClassName=Launch Member=Component R Resistor film, 4k7, ±5%, 0805, 0.125W, -55...+125°C
