Added Component: Designator=VD2(LED: SFH757)
Add component (AddParameter): Name = "Case"; Value = ""; VariantName = "[No Variations]"
Add component (AddParameter): Name = "HelpURL"; Value = ""; VariantName = "[No Variations]"
Add component (AddParameter): Name = "Manufacture"; Value = ""; VariantName = "[No Variations]"
Add component (AddParameter): Name = "Model"; Value = ""; VariantName = "[No Variations]"
Added Component: Designator=VD3(LED: SFH757)
Add component (AddParameter): Name = "Case"; Value = ""; VariantName = "[No Variations]"
Add component (AddParameter): Name = "HelpURL"; Value = ""; VariantName = "[No Variations]"
Add component (AddParameter): Name = "Manufacture"; Value = ""; VariantName = "[No Variations]"
Add component (AddParameter): Name = "Model"; Value = ""; VariantName = "[No Variations]"
Added Component: Designator=VD4(LED: SFH757)
Add component (AddParameter): Name = "Case"; Value = ""; VariantName = "[No Variations]"
Add component (AddParameter): Name = "HelpURL"; Value = ""; VariantName = "[No Variations]"
Add component (AddParameter): Name = "Manufacture"; Value = ""; VariantName = "[No Variations]"
Add component (AddParameter): Name = "Model"; Value = ""; VariantName = "[No Variations]"
Added Component: Designator=VD5(LED: SFH757)
Add component (AddParameter): Name = "Case"; Value = ""; VariantName = "[No Variations]"
Add component (AddParameter): Name = "HelpURL"; Value = ""; VariantName = "[No Variations]"
Add component (AddParameter): Name = "Manufacture"; Value = ""; VariantName = "[No Variations]"
Add component (AddParameter): Name = "Model"; Value = ""; VariantName = "[No Variations]"
Added Component: Designator=VD6(LED: SFH757)
Add component (AddParameter): Name = "Case"; Value = ""; VariantName = "[No Variations]"
Add component (AddParameter): Name = "HelpURL"; Value = ""; VariantName = "[No Variations]"
Add component (AddParameter): Name = "Manufacture"; Value = ""; VariantName = "[No Variations]"
Add component (AddParameter): Name = "Model"; Value = ""; VariantName = "[No Variations]"
Added Component: Designator=VD7(LED: SFH757)
Add component (AddParameter): Name = "Case"; Value = ""; VariantName = "[No Variations]"
Add component (AddParameter): Name = "HelpURL"; Value = ""; VariantName = "[No Variations]"
Add component (AddParameter): Name = "Manufacture"; Value = ""; VariantName = "[No Variations]"
Add component (AddParameter): Name = "Model"; Value = ""; VariantName = "[No Variations]"
Added Component: Designator=VD8(LED: SFH757)
Add component (AddParameter): Name = "Case"; Value = ""; VariantName = "[No Variations]"
Add component (AddParameter): Name = "HelpURL"; Value = ""; VariantName = "[No Variations]"
Add component (AddParameter): Name = "Manufacture"; Value = ""; VariantName = "[No Variations]"
Add component (AddParameter): Name = "Model"; Value = ""; VariantName = "[No Variations]"
Added Component: Designator=VD9(LED: SFH757)
Add component (AddParameter): Name = "Case"; Value = ""; VariantName = "[No Variations]"
Add component (AddParameter): Name = "HelpURL"; Value = ""; VariantName = "[No Variations]"
Add component (AddParameter): Name = "Manufacture"; Value = ""; VariantName = "[No Variations]"
Add component (AddParameter): Name = "Model"; Value = ""; VariantName = "[No Variations]"
Added Component: Designator=VD10(LED: SFH757)
Add component (AddParameter): Name = "Case"; Value = ""; VariantName = "[No Variations]"
Add component (AddParameter): Name = "HelpURL"; Value = ""; VariantName = "[No Variations]"
Add component (AddParameter): Name = "Manufacture"; Value = ""; VariantName = "[No Variations]"
Add component (AddParameter): Name = "Model"; Value = ""; VariantName = "[No Variations]"
Added Component: Designator=VD11(LED: SFH757)
Add component (AddParameter): Name = "Case"; Value = ""; VariantName = "[No Variations]"
Add component (AddParameter): Name = "HelpURL"; Value = ""; VariantName = "[No Variations]"
Add component (AddParameter): Name = "Manufacture"; Value = ""; VariantName = "[No Variations]"
Add component (AddParameter): Name = "Model"; Value = ""; VariantName = "[No Variations]"
Added Component: Designator=VD12(LED: SFH757)
Add component (AddParameter): Name = "Case"; Value = ""; VariantName = "[No Variations]"
Add component (AddParameter): Name = "HelpURL"; Value = ""; VariantName = "[No Variations]"
Add component (AddParameter): Name = "Manufacture"; Value = ""; VariantName = "[No Variations]"
Add component (AddParameter): Name = "Model"; Value = ""; VariantName = "[No Variations]"
Added Component: Designator=VD13(LED: SFH757)
Add component (AddParameter): Name = "Case"; Value = ""; VariantName = "[No Variations]"
Add component (AddParameter): Name = "HelpURL"; Value = ""; VariantName = "[No Variations]"
Add component (AddParameter): Name = "Manufacture"; Value = ""; VariantName = "[No Variations]"
Add component (AddParameter): Name = "Model"; Value = ""; VariantName = "[No Variations]"
Added Component: Designator=VD14(LED: SFH757)
Add component (AddParameter): Name = "Case"; Value = ""; VariantName = "[No Variations]"
Add component (AddParameter): Name = "HelpURL"; Value = ""; VariantName = "[No Variations]"
Add component (AddParameter): Name = "Manufacture"; Value = ""; VariantName = "[No Variations]"
Add component (AddParameter): Name = "Model"; Value = ""; VariantName = "[No Variations]"
Added Component: Designator=VD15(LED: SFH757)
Add component (AddParameter): Name = "Case"; Value = ""; VariantName = "[No Variations]"
Add component (AddParameter): Name = "HelpURL"; Value = ""; VariantName = "[No Variations]"
Add component (AddParameter): Name = "Manufacture"; Value = ""; VariantName = "[No Variations]"
Add component (AddParameter): Name = "Model"; Value = ""; VariantName = "[No Variations]"
Added Component: Designator=VD16(LED: SFH757)
Add component (AddParameter): Name = "Case"; Value = ""; VariantName = "[No Variations]"
Add component (AddParameter): Name = "HelpURL"; Value = ""; VariantName = "[No Variations]"
Add component (AddParameter): Name = "Manufacture"; Value = ""; VariantName = "[No Variations]"
Add component (AddParameter): Name = "Model"; Value = ""; VariantName = "[No Variations]"
Added Component: Designator=VD17(LED: SFH757)
Add component (AddParameter): Name = "Case"; Value = ""; VariantName = "[No Variations]"
Add component (AddParameter): Name = "HelpURL"; Value = ""; VariantName = "[No Variations]"
Add component (AddParameter): Name = "Manufacture"; Value = ""; VariantName = "[No Variations]"
Add component (AddParameter): Name = "Model"; Value = ""; VariantName = "[No Variations]"
Added Pin To Net: NetName=NetC2_2 Pin=VD2-1
Added Pin To Net: NetName=NetR5_2 Pin=VD2-2
Added Pin To Net: NetName=NetC3_2 Pin=VD3-1
Added Pin To Net: NetName=NetR9_2 Pin=VD3-2
Added Pin To Net: NetName=NetC4_2 Pin=VD4-1
Added Pin To Net: NetName=NetR13_2 Pin=VD4-2
Added Pin To Net: NetName=NetC5_2 Pin=VD5-1
Added Pin To Net: NetName=NetR17_2 Pin=VD5-2
Added Pin To Net: NetName=NetC6_2 Pin=VD6-1
Added Pin To Net: NetName=NetR21_2 Pin=VD6-2
Added Pin To Net: NetName=NetC7_2 Pin=VD7-1
Added Pin To Net: NetName=NetR25_2 Pin=VD7-2
Added Pin To Net: NetName=NetC8_2 Pin=VD8-1
Added Pin To Net: NetName=NetR29_2 Pin=VD8-2
Added Pin To Net: NetName=NetC9_2 Pin=VD9-1
Added Pin To Net: NetName=NetR33_2 Pin=VD9-2
Added Pin To Net: NetName=NetC10_2 Pin=VD10-1
Added Pin To Net: NetName=NetR37_2 Pin=VD10-2
Added Pin To Net: NetName=NetC11_2 Pin=VD11-1
Added Pin To Net: NetName=NetR41_2 Pin=VD11-2
Added Pin To Net: NetName=NetC12_2 Pin=VD12-1
Added Pin To Net: NetName=NetR45_2 Pin=VD12-2
Added Pin To Net: NetName=NetC13_2 Pin=VD13-1
Added Pin To Net: NetName=NetR49_2 Pin=VD13-2
Added Pin To Net: NetName=NetC14_2 Pin=VD14-1
Added Pin To Net: NetName=NetR53_2 Pin=VD14-2
Added Pin To Net: NetName=NetC15_2 Pin=VD15-1
Added Pin To Net: NetName=NetR57_2 Pin=VD15-2
Added Pin To Net: NetName=NetC16_2 Pin=VD16-1
Added Pin To Net: NetName=NetR61_2 Pin=VD16-2
Added Pin To Net: NetName=NetC17_2 Pin=VD17-1
Added Pin To Net: NetName=NetR65_2 Pin=VD17-2
Added Member To Class: ClassName=Launch Member=Component R1 (R3) Resistor film, 4k7, ±5%, 0805, 0.125W, -55...+125°C
Added Member To Class: ClassName=CH16 Member=Component VD2 (VD1) SHF757
Added Member To Class: ClassName=CH15 Member=Component VD3 (VD1) SHF757
Added Member To Class: ClassName=CH14 Member=Component VD4 (VD1) SHF757
Added Member To Class: ClassName=CH13 Member=Component VD5 (VD1) SHF757
Added Member To Class: ClassName=CH12 Member=Component VD6 (VD1) SHF757
Added Member To Class: ClassName=CH11 Member=Component VD7 (VD1) SHF757
Added Member To Class: ClassName=CH10 Member=Component VD8 (VD1) SHF757
Added Member To Class: ClassName=CH9 Member=Component VD9 (VD1) SHF757
Added Member To Class: ClassName=CH8 Member=Component VD10 (VD1) SHF757
Added Member To Class: ClassName=CH7 Member=Component VD11 (VD1) SHF757
Added Member To Class: ClassName=CH6 Member=Component VD12 (VD1) SHF757
Added Member To Class: ClassName=CH5 Member=Component VD13 (VD1) SHF757
Added Member To Class: ClassName=CH4 Member=Component VD14 (VD1) SHF757
Added Member To Class: ClassName=CH3 Member=Component VD15 (VD1) SHF757
Added Member To Class: ClassName=CH2 Member=Component VD16 (VD1) SHF757
Added Member To Class: ClassName=CH1 Member=Component VD17 (VD1) SHF757
