Removed Member From Class: ClassName=CH14 Member=R26
Removed Member From Class: ClassName=CH13 Member=R30
Removed Member From Class: ClassName=CH13 Member=R34
Removed Member From Class: ClassName=CH12 Member=R42
Change Component Comment : Designator=R5 Old Comment=Resistor film, 5R1, ±5%, 1206, 0.25W, -55...+125°C New Comment=Resistor film, 100R, ±5%, 1206, 0.25W, -55...+125°C
Change Component Comment : Designator=R9 Old Comment=Resistor film, 5R1, ±5%, 1206, 0.25W, -55...+125°C New Comment=Resistor film, 100R, ±5%, 1206, 0.25W, -55...+125°C
Change Component Comment : Designator=R13 Old Comment=Resistor film, 5R1, ±5%, 1206, 0.25W, -55...+125°C New Comment=Resistor film, 100R, ±5%, 1206, 0.25W, -55...+125°C
Change Component Comment : Designator=R17 Old Comment=Resistor film, 5R1, ±5%, 1206, 0.25W, -55...+125°C New Comment=Resistor film, 100R, ±5%, 1206, 0.25W, -55...+125°C
Change Component Comment : Designator=R21 Old Comment=Resistor film, 5R1, ±5%, 1206, 0.25W, -55...+125°C New Comment=Resistor film, 100R, ±5%, 1206, 0.25W, -55...+125°C
Change Component Comment : Designator=R25 Old Comment=Resistor film, 5R1, ±5%, 1206, 0.25W, -55...+125°C New Comment=Resistor film, 100R, ±5%, 1206, 0.25W, -55...+125°C
Change Component Comment : Designator=R29 Old Comment=Resistor film, 5R1, ±5%, 1206, 0.25W, -55...+125°C New Comment=Resistor film, 100R, ±5%, 1206, 0.25W, -55...+125°C
Change Component Comment : Designator=R33 Old Comment=Resistor film, 5R1, ±5%, 1206, 0.25W, -55...+125°C New Comment=Resistor film, 100R, ±5%, 1206, 0.25W, -55...+125°C
Change Component Comment : Designator=R37 Old Comment=Resistor film, 5R1, ±5%, 1206, 0.25W, -55...+125°C New Comment=Resistor film, 100R, ±5%, 1206, 0.25W, -55...+125°C
Change Component Comment : Designator=R41 Old Comment=Resistor film, 5R1, ±5%, 1206, 0.25W, -55...+125°C New Comment=Resistor film, 100R, ±5%, 1206, 0.25W, -55...+125°C
Change Component Comment : Designator=R45 Old Comment=Resistor film, 5R1, ±5%, 1206, 0.25W, -55...+125°C New Comment=Resistor film, 100R, ±5%, 1206, 0.25W, -55...+125°C
Change Component Comment : Designator=R49 Old Comment=Resistor film, 5R1, ±5%, 1206, 0.25W, -55...+125°C New Comment=Resistor film, 100R, ±5%, 1206, 0.25W, -55...+125°C
Change Component Comment : Designator=R53 Old Comment=Resistor film, 5R1, ±5%, 1206, 0.25W, -55...+125°C New Comment=Resistor film, 100R, ±5%, 1206, 0.25W, -55...+125°C
Change Component Comment : Designator=R57 Old Comment=Resistor film, 5R1, ±5%, 1206, 0.25W, -55...+125°C New Comment=Resistor film, 100R, ±5%, 1206, 0.25W, -55...+125°C
Change Component Comment : Designator=R61 Old Comment=Resistor film, 5R1, ±5%, 1206, 0.25W, -55...+125°C New Comment=Resistor film, 100R, ±5%, 1206, 0.25W, -55...+125°C
Change Component Comment : Designator=R65 Old Comment=Resistor film, 5R1, ±5%, 1206, 0.25W, -55...+125°C New Comment=Resistor film, 100R, ±5%, 1206, 0.25W, -55...+125°C
Change component parameters: Designator = "R5" ("R"); Footprint = "RES: 1206"; UniqueID = "\PSIKNBXD\EDYGFJWV" ("\PSIKNBXD\EDYGFJWV")
Change component parameters (AddParameter): Name = "HelpURL"; Value = "https://www.digikey.com/product-detail/en/yageo/RC1206JR-07100RL/311-100ERCT-ND/732153"; VariantName = "[No Variations]"
Change component parameters (AddParameter): Name = "Manufacturer"; Value = "Yageo"; VariantName = "[No Variations]"
Change component parameters (AddParameter): Name = "Package"; Value = "1206"; VariantName = "[No Variations]"
Change component parameters (AddParameter): Name = "PartNumber"; Value = "RC1206JR-07100RL"; VariantName = "[No Variations]"
Change component parameters (AddParameter): Name = "Power"; Value = "0.25W"; VariantName = "[No Variations]"
Change component parameters (AddParameter): Name = "Temperature"; Value = "-55...+125°C"; VariantName = "[No Variations]"
Change component parameters (AddParameter): Name = "Tolerance"; Value = "±5%"; VariantName = "[No Variations]"
Change component parameters (AddParameter): Name = "TypeResistor"; Value = "Resistor film"; VariantName = "[No Variations]"
Change component parameters (AddParameter): Name = "Value"; Value = "100R"; VariantName = "[No Variations]"
Change component parameters (AddParameter): Name = "ValueManufacturerPartNumber"; Value = "Resistor film, 100R, ±5%, 1206, 0.25W, -55...+125°C"; VariantName = "[No Variations]"
Change component parameters: Designator = "R9" ("R"); Footprint = "RES: 1206"; UniqueID = "\YNQHBLBI\EDYGFJWV" ("\YNQHBLBI\EDYGFJWV")
Change component parameters (AddParameter): Name = "HelpURL"; Value = "https://www.digikey.com/product-detail/en/yageo/RC1206JR-07100RL/311-100ERCT-ND/732153"; VariantName = "[No Variations]"
Change component parameters (AddParameter): Name = "Manufacturer"; Value = "Yageo"; VariantName = "[No Variations]"
Change component parameters (AddParameter): Name = "Package"; Value = "1206"; VariantName = "[No Variations]"
Change component parameters (AddParameter): Name = "PartNumber"; Value = "RC1206JR-07100RL"; VariantName = "[No Variations]"
Change component parameters (AddParameter): Name = "Power"; Value = "0.25W"; VariantName = "[No Variations]"
Change component parameters (AddParameter): Name = "Temperature"; Value = "-55...+125°C"; VariantName = "[No Variations]"
Change component parameters (AddParameter): Name = "Tolerance"; Value = "±5%"; VariantName = "[No Variations]"
Change component parameters (AddParameter): Name = "TypeResistor"; Value = "Resistor film"; VariantName = "[No Variations]"
Change component parameters (AddParameter): Name = "Value"; Value = "100R"; VariantName = "[No Variations]"
Change component parameters (AddParameter): Name = "ValueManufacturerPartNumber"; Value = "Resistor film, 100R, ±5%, 1206, 0.25W, -55...+125°C"; VariantName = "[No Variations]"
Change component parameters: Designator = "R13" ("R"); Footprint = "RES: 1206"; UniqueID = "\RFHXCGGD\EDYGFJWV" ("\RFHXCGGD\EDYGFJWV")
Change component parameters (AddParameter): Name = "HelpURL"; Value = "https://www.digikey.com/product-detail/en/yageo/RC1206JR-07100RL/311-100ERCT-ND/732153"; VariantName = "[No Variations]"
Change component parameters (AddParameter): Name = "Manufacturer"; Value = "Yageo"; VariantName = "[No Variations]"
Change component parameters (AddParameter): Name = "Package"; Value = "1206"; VariantName = "[No Variations]"
Change component parameters (AddParameter): Name = "PartNumber"; Value = "RC1206JR-07100RL"; VariantName = "[No Variations]"
Change component parameters (AddParameter): Name = "Power"; Value = "0.25W"; VariantName = "[No Variations]"
Change component parameters (AddParameter): Name = "Temperature"; Value = "-55...+125°C"; VariantName = "[No Variations]"
Change component parameters (AddParameter): Name = "Tolerance"; Value = "±5%"; VariantName = "[No Variations]"
Change component parameters (AddParameter): Name = "TypeResistor"; Value = "Resistor film"; VariantName = "[No Variations]"
Change component parameters (AddParameter): Name = "Value"; Value = "100R"; VariantName = "[No Variations]"
Change component parameters (AddParameter): Name = "ValueManufacturerPartNumber"; Value = "Resistor film, 100R, ±5%, 1206, 0.25W, -55...+125°C"; VariantName = "[No Variations]"
Change component parameters: Designator = "R17" ("R"); Footprint = "RES: 1206"; UniqueID = "\HSNMBFIP\EDYGFJWV" ("\HSNMBFIP\EDYGFJWV")
Change component parameters (AddParameter): Name = "HelpURL"; Value = "https://www.digikey.com/product-detail/en/yageo/RC1206JR-07100RL/311-100ERCT-ND/732153"; VariantName = "[No Variations]"
Change component parameters (AddParameter): Name = "Manufacturer"; Value = "Yageo"; VariantName = "[No Variations]"
Change component parameters (AddParameter): Name = "Package"; Value = "1206"; VariantName = "[No Variations]"
Change component parameters (AddParameter): Name = "PartNumber"; Value = "RC1206JR-07100RL"; VariantName = "[No Variations]"
Change component parameters (AddParameter): Name = "Power"; Value = "0.25W"; VariantName = "[No Variations]"
Change component parameters (AddParameter): Name = "Temperature"; Value = "-55...+125°C"; VariantName = "[No Variations]"
Change component parameters (AddParameter): Name = "Tolerance"; Value = "±5%"; VariantName = "[No Variations]"
Change component parameters (AddParameter): Name = "TypeResistor"; Value = "Resistor film"; VariantName = "[No Variations]"
Change component parameters (AddParameter): Name = "Value"; Value = "100R"; VariantName = "[No Variations]"
Change component parameters (AddParameter): Name = "ValueManufacturerPartNumber"; Value = "Resistor film, 100R, ±5%, 1206, 0.25W, -55...+125°C"; VariantName = "[No Variations]"
Change component parameters: Designator = "R21" ("R"); Footprint = "RES: 1206"; UniqueID = "\YFAMDQPV\EDYGFJWV" ("\YFAMDQPV\EDYGFJWV")
Change component parameters (AddParameter): Name = "HelpURL"; Value = "https://www.digikey.com/product-detail/en/yageo/RC1206JR-07100RL/311-100ERCT-ND/732153"; VariantName = "[No Variations]"
Change component parameters (AddParameter): Name = "Manufacturer"; Value = "Yageo"; VariantName = "[No Variations]"
Change component parameters (AddParameter): Name = "Package"; Value = "1206"; VariantName = "[No Variations]"
Change component parameters (AddParameter): Name = "PartNumber"; Value = "RC1206JR-07100RL"; VariantName = "[No Variations]"
Change component parameters (AddParameter): Name = "Power"; Value = "0.25W"; VariantName = "[No Variations]"
Change component parameters (AddParameter): Name = "Temperature"; Value = "-55...+125°C"; VariantName = "[No Variations]"
Change component parameters (AddParameter): Name = "Tolerance"; Value = "±5%"; VariantName = "[No Variations]"
Change component parameters (AddParameter): Name = "TypeResistor"; Value = "Resistor film"; VariantName = "[No Variations]"
Change component parameters (AddParameter): Name = "Value"; Value = "100R"; VariantName = "[No Variations]"
Change component parameters (AddParameter): Name = "ValueManufacturerPartNumber"; Value = "Resistor film, 100R, ±5%, 1206, 0.25W, -55...+125°C"; VariantName = "[No Variations]"
Change component parameters: Designator = "R25" ("R"); Footprint = "RES: 1206"; UniqueID = "\QEXUWGNM\EDYGFJWV" ("\QEXUWGNM\EDYGFJWV")
Change component parameters (AddParameter): Name = "HelpURL"; Value = "https://www.digikey.com/product-detail/en/yageo/RC1206JR-07100RL/311-100ERCT-ND/732153"; VariantName = "[No Variations]"
Change component parameters (AddParameter): Name = "Manufacturer"; Value = "Yageo"; VariantName = "[No Variations]"
Change component parameters (AddParameter): Name = "Package"; Value = "1206"; VariantName = "[No Variations]"
Change component parameters (AddParameter): Name = "PartNumber"; Value = "RC1206JR-07100RL"; VariantName = "[No Variations]"
Change component parameters (AddParameter): Name = "Power"; Value = "0.25W"; VariantName = "[No Variations]"
Change component parameters (AddParameter): Name = "Temperature"; Value = "-55...+125°C"; VariantName = "[No Variations]"
Change component parameters (AddParameter): Name = "Tolerance"; Value = "±5%"; VariantName = "[No Variations]"
Change component parameters (AddParameter): Name = "TypeResistor"; Value = "Resistor film"; VariantName = "[No Variations]"
Change component parameters (AddParameter): Name = "Value"; Value = "100R"; VariantName = "[No Variations]"
Change component parameters (AddParameter): Name = "ValueManufacturerPartNumber"; Value = "Resistor film, 100R, ±5%, 1206, 0.25W, -55...+125°C"; VariantName = "[No Variations]"
Change component parameters: Designator = "R29" ("R"); Footprint = "RES: 1206"; UniqueID = "\EVTXEULB\EDYGFJWV" ("\EVTXEULB\EDYGFJWV")
Change component parameters (AddParameter): Name = "HelpURL"; Value = "https://www.digikey.com/product-detail/en/yageo/RC1206JR-07100RL/311-100ERCT-ND/732153"; VariantName = "[No Variations]"
Change component parameters (AddParameter): Name = "Manufacturer"; Value = "Yageo"; VariantName = "[No Variations]"
Change component parameters (AddParameter): Name = "Package"; Value = "1206"; VariantName = "[No Variations]"
Change component parameters (AddParameter): Name = "PartNumber"; Value = "RC1206JR-07100RL"; VariantName = "[No Variations]"
Change component parameters (AddParameter): Name = "Power"; Value = "0.25W"; VariantName = "[No Variations]"
Change component parameters (AddParameter): Name = "Temperature"; Value = "-55...+125°C"; VariantName = "[No Variations]"
Change component parameters (AddParameter): Name = "Tolerance"; Value = "±5%"; VariantName = "[No Variations]"
Change component parameters (AddParameter): Name = "TypeResistor"; Value = "Resistor film"; VariantName = "[No Variations]"
Change component parameters (AddParameter): Name = "Value"; Value = "100R"; VariantName = "[No Variations]"
Change component parameters (AddParameter): Name = "ValueManufacturerPartNumber"; Value = "Resistor film, 100R, ±5%, 1206, 0.25W, -55...+125°C"; VariantName = "[No Variations]"
Change component parameters: Designator = "R33" ("R"); Footprint = "RES: 1206"; UniqueID = "\ADLCEAEO\EDYGFJWV" ("\ADLCEAEO\EDYGFJWV")
Change component parameters (AddParameter): Name = "HelpURL"; Value = "https://www.digikey.com/product-detail/en/yageo/RC1206JR-07100RL/311-100ERCT-ND/732153"; VariantName = "[No Variations]"
Change component parameters (AddParameter): Name = "Manufacturer"; Value = "Yageo"; VariantName = "[No Variations]"
Change component parameters (AddParameter): Name = "Package"; Value = "1206"; VariantName = "[No Variations]"
Change component parameters (AddParameter): Name = "PartNumber"; Value = "RC1206JR-07100RL"; VariantName = "[No Variations]"
Change component parameters (AddParameter): Name = "Power"; Value = "0.25W"; VariantName = "[No Variations]"
Change component parameters (AddParameter): Name = "Temperature"; Value = "-55...+125°C"; VariantName = "[No Variations]"
Change component parameters (AddParameter): Name = "Tolerance"; Value = "±5%"; VariantName = "[No Variations]"
Change component parameters (AddParameter): Name = "TypeResistor"; Value = "Resistor film"; VariantName = "[No Variations]"
Change component parameters (AddParameter): Name = "Value"; Value = "100R"; VariantName = "[No Variations]"
Change component parameters (AddParameter): Name = "ValueManufacturerPartNumber"; Value = "Resistor film, 100R, ±5%, 1206, 0.25W, -55...+125°C"; VariantName = "[No Variations]"
Change component parameters: Designator = "R37" ("R"); Footprint = "RES: 1206"; UniqueID = "\NPSOFRMJ\EDYGFJWV" ("\NPSOFRMJ\EDYGFJWV")
Change component parameters (AddParameter): Name = "HelpURL"; Value = "https://www.digikey.com/product-detail/en/yageo/RC1206JR-07100RL/311-100ERCT-ND/732153"; VariantName = "[No Variations]"
Change component parameters (AddParameter): Name = "Manufacturer"; Value = "Yageo"; VariantName = "[No Variations]"
Change component parameters (AddParameter): Name = "Package"; Value = "1206"; VariantName = "[No Variations]"
Change component parameters (AddParameter): Name = "PartNumber"; Value = "RC1206JR-07100RL"; VariantName = "[No Variations]"
Change component parameters (AddParameter): Name = "Power"; Value = "0.25W"; VariantName = "[No Variations]"
Change component parameters (AddParameter): Name = "Temperature"; Value = "-55...+125°C"; VariantName = "[No Variations]"
Change component parameters (AddParameter): Name = "Tolerance"; Value = "±5%"; VariantName = "[No Variations]"
Change component parameters (AddParameter): Name = "TypeResistor"; Value = "Resistor film"; VariantName = "[No Variations]"
Change component parameters (AddParameter): Name = "Value"; Value = "100R"; VariantName = "[No Variations]"
Change component parameters (AddParameter): Name = "ValueManufacturerPartNumber"; Value = "Resistor film, 100R, ±5%, 1206, 0.25W, -55...+125°C"; VariantName = "[No Variations]"
Change component parameters: Designator = "R41" ("R"); Footprint = "RES: 1206"; UniqueID = "\NLMZXNHT\EDYGFJWV" ("\NLMZXNHT\EDYGFJWV")
Change component parameters (AddParameter): Name = "HelpURL"; Value = "https://www.digikey.com/product-detail/en/yageo/RC1206JR-07100RL/311-100ERCT-ND/732153"; VariantName = "[No Variations]"
Change component parameters (AddParameter): Name = "Manufacturer"; Value = "Yageo"; VariantName = "[No Variations]"
Change component parameters (AddParameter): Name = "Package"; Value = "1206"; VariantName = "[No Variations]"
Change component parameters (AddParameter): Name = "PartNumber"; Value = "RC1206JR-07100RL"; VariantName = "[No Variations]"
Change component parameters (AddParameter): Name = "Power"; Value = "0.25W"; VariantName = "[No Variations]"
Change component parameters (AddParameter): Name = "Temperature"; Value = "-55...+125°C"; VariantName = "[No Variations]"
Change component parameters (AddParameter): Name = "Tolerance"; Value = "±5%"; VariantName = "[No Variations]"
Change component parameters (AddParameter): Name = "TypeResistor"; Value = "Resistor film"; VariantName = "[No Variations]"
Change component parameters (AddParameter): Name = "Value"; Value = "100R"; VariantName = "[No Variations]"
Change component parameters (AddParameter): Name = "ValueManufacturerPartNumber"; Value = "Resistor film, 100R, ±5%, 1206, 0.25W, -55...+125°C"; VariantName = "[No Variations]"
Change component parameters: Designator = "R45" ("R"); Footprint = "RES: 1206"; UniqueID = "\HWSNPNIK\EDYGFJWV" ("\HWSNPNIK\EDYGFJWV")
Change component parameters (AddParameter): Name = "HelpURL"; Value = "https://www.digikey.com/product-detail/en/yageo/RC1206JR-07100RL/311-100ERCT-ND/732153"; VariantName = "[No Variations]"
Change component parameters (AddParameter): Name = "Manufacturer"; Value = "Yageo"; VariantName = "[No Variations]"
Change component parameters (AddParameter): Name = "Package"; Value = "1206"; VariantName = "[No Variations]"
Change component parameters (AddParameter): Name = "PartNumber"; Value = "RC1206JR-07100RL"; VariantName = "[No Variations]"
Change component parameters (AddParameter): Name = "Power"; Value = "0.25W"; VariantName = "[No Variations]"
Change component parameters (AddParameter): Name = "Temperature"; Value = "-55...+125°C"; VariantName = "[No Variations]"
Change component parameters (AddParameter): Name = "Tolerance"; Value = "±5%"; VariantName = "[No Variations]"
Change component parameters (AddParameter): Name = "TypeResistor"; Value = "Resistor film"; VariantName = "[No Variations]"
Change component parameters (AddParameter): Name = "Value"; Value = "100R"; VariantName = "[No Variations]"
Change component parameters (AddParameter): Name = "ValueManufacturerPartNumber"; Value = "Resistor film, 100R, ±5%, 1206, 0.25W, -55...+125°C"; VariantName = "[No Variations]"
Change component parameters: Designator = "R49" ("R"); Footprint = "RES: 1206"; UniqueID = "\EQESERQF\EDYGFJWV" ("\EQESERQF\EDYGFJWV")
Change component parameters (AddParameter): Name = "HelpURL"; Value = "https://www.digikey.com/product-detail/en/yageo/RC1206JR-07100RL/311-100ERCT-ND/732153"; VariantName = "[No Variations]"
Change component parameters (AddParameter): Name = "Manufacturer"; Value = "Yageo"; VariantName = "[No Variations]"
Change component parameters (AddParameter): Name = "Package"; Value = "1206"; VariantName = "[No Variations]"
Change component parameters (AddParameter): Name = "PartNumber"; Value = "RC1206JR-07100RL"; VariantName = "[No Variations]"
Change component parameters (AddParameter): Name = "Power"; Value = "0.25W"; VariantName = "[No Variations]"
Change component parameters (AddParameter): Name = "Temperature"; Value = "-55...+125°C"; VariantName = "[No Variations]"
Change component parameters (AddParameter): Name = "Tolerance"; Value = "±5%"; VariantName = "[No Variations]"
Change component parameters (AddParameter): Name = "TypeResistor"; Value = "Resistor film"; VariantName = "[No Variations]"
Change component parameters (AddParameter): Name = "Value"; Value = "100R"; VariantName = "[No Variations]"
Change component parameters (AddParameter): Name = "ValueManufacturerPartNumber"; Value = "Resistor film, 100R, ±5%, 1206, 0.25W, -55...+125°C"; VariantName = "[No Variations]"
Change component parameters: Designator = "R53" ("R"); Footprint = "RES: 1206"; UniqueID = "\DOJHPUZS\EDYGFJWV" ("\DOJHPUZS\EDYGFJWV")
Change component parameters (AddParameter): Name = "HelpURL"; Value = "https://www.digikey.com/product-detail/en/yageo/RC1206JR-07100RL/311-100ERCT-ND/732153"; VariantName = "[No Variations]"
Change component parameters (AddParameter): Name = "Manufacturer"; Value = "Yageo"; VariantName = "[No Variations]"
Change component parameters (AddParameter): Name = "Package"; Value = "1206"; VariantName = "[No Variations]"
Change component parameters (AddParameter): Name = "PartNumber"; Value = "RC1206JR-07100RL"; VariantName = "[No Variations]"
Change component parameters (AddParameter): Name = "Power"; Value = "0.25W"; VariantName = "[No Variations]"
Change component parameters (AddParameter): Name = "Temperature"; Value = "-55...+125°C"; VariantName = "[No Variations]"
Change component parameters (AddParameter): Name = "Tolerance"; Value = "±5%"; VariantName = "[No Variations]"
Change component parameters (AddParameter): Name = "TypeResistor"; Value = "Resistor film"; VariantName = "[No Variations]"
Change component parameters (AddParameter): Name = "Value"; Value = "100R"; VariantName = "[No Variations]"
Change component parameters (AddParameter): Name = "ValueManufacturerPartNumber"; Value = "Resistor film, 100R, ±5%, 1206, 0.25W, -55...+125°C"; VariantName = "[No Variations]"
Change component parameters: Designator = "R57" ("R"); Footprint = "RES: 1206"; UniqueID = "\MNCMMFTF\EDYGFJWV" ("\MNCMMFTF\EDYGFJWV")
Change component parameters (AddParameter): Name = "HelpURL"; Value = "https://www.digikey.com/product-detail/en/yageo/RC1206JR-07100RL/311-100ERCT-ND/732153"; VariantName = "[No Variations]"
Change component parameters (AddParameter): Name = "Manufacturer"; Value = "Yageo"; VariantName = "[No Variations]"
Change component parameters (AddParameter): Name = "Package"; Value = "1206"; VariantName = "[No Variations]"
Change component parameters (AddParameter): Name = "PartNumber"; Value = "RC1206JR-07100RL"; VariantName = "[No Variations]"
Change component parameters (AddParameter): Name = "Power"; Value = "0.25W"; VariantName = "[No Variations]"
Change component parameters (AddParameter): Name = "Temperature"; Value = "-55...+125°C"; VariantName = "[No Variations]"
Change component parameters (AddParameter): Name = "Tolerance"; Value = "±5%"; VariantName = "[No Variations]"
Change component parameters (AddParameter): Name = "TypeResistor"; Value = "Resistor film"; VariantName = "[No Variations]"
Change component parameters (AddParameter): Name = "Value"; Value = "100R"; VariantName = "[No Variations]"
Change component parameters (AddParameter): Name = "ValueManufacturerPartNumber"; Value = "Resistor film, 100R, ±5%, 1206, 0.25W, -55...+125°C"; VariantName = "[No Variations]"
Change component parameters: Designator = "R61" ("R"); Footprint = "RES: 1206"; UniqueID = "\HVZWPARD\EDYGFJWV" ("\HVZWPARD\EDYGFJWV")
Change component parameters (AddParameter): Name = "HelpURL"; Value = "https://www.digikey.com/product-detail/en/yageo/RC1206JR-07100RL/311-100ERCT-ND/732153"; VariantName = "[No Variations]"
Change component parameters (AddParameter): Name = "Manufacturer"; Value = "Yageo"; VariantName = "[No Variations]"
Change component parameters (AddParameter): Name = "Package"; Value = "1206"; VariantName = "[No Variations]"
Change component parameters (AddParameter): Name = "PartNumber"; Value = "RC1206JR-07100RL"; VariantName = "[No Variations]"
Change component parameters (AddParameter): Name = "Power"; Value = "0.25W"; VariantName = "[No Variations]"
Change component parameters (AddParameter): Name = "Temperature"; Value = "-55...+125°C"; VariantName = "[No Variations]"
Change component parameters (AddParameter): Name = "Tolerance"; Value = "±5%"; VariantName = "[No Variations]"
Change component parameters (AddParameter): Name = "TypeResistor"; Value = "Resistor film"; VariantName = "[No Variations]"
Change component parameters (AddParameter): Name = "Value"; Value = "100R"; VariantName = "[No Variations]"
Change component parameters (AddParameter): Name = "ValueManufacturerPartNumber"; Value = "Resistor film, 100R, ±5%, 1206, 0.25W, -55...+125°C"; VariantName = "[No Variations]"
Change component parameters: Designator = "R65" ("R"); Footprint = "RES: 1206"; UniqueID = "\IKBRGNRY\EDYGFJWV" ("\IKBRGNRY\EDYGFJWV")
Change component parameters (AddParameter): Name = "HelpURL"; Value = "https://www.digikey.com/product-detail/en/yageo/RC1206JR-07100RL/311-100ERCT-ND/732153"; VariantName = "[No Variations]"
Change component parameters (AddParameter): Name = "Manufacturer"; Value = "Yageo"; VariantName = "[No Variations]"
Change component parameters (AddParameter): Name = "Package"; Value = "1206"; VariantName = "[No Variations]"
Change component parameters (AddParameter): Name = "PartNumber"; Value = "RC1206JR-07100RL"; VariantName = "[No Variations]"
Change component parameters (AddParameter): Name = "Power"; Value = "0.25W"; VariantName = "[No Variations]"
Change component parameters (AddParameter): Name = "Temperature"; Value = "-55...+125°C"; VariantName = "[No Variations]"
Change component parameters (AddParameter): Name = "Tolerance"; Value = "±5%"; VariantName = "[No Variations]"
Change component parameters (AddParameter): Name = "TypeResistor"; Value = "Resistor film"; VariantName = "[No Variations]"
Change component parameters (AddParameter): Name = "Value"; Value = "100R"; VariantName = "[No Variations]"
Change component parameters (AddParameter): Name = "ValueManufacturerPartNumber"; Value = "Resistor film, 100R, ±5%, 1206, 0.25W, -55...+125°C"; VariantName = "[No Variations]"
Added Member To Class: ClassName=CH16 Member=Component C2 (C1) Ceramic capacitor, 10?F, X7R, ±10%, 16V, 0805, -55...+125°C
Added Member To Class: ClassName=CH16 Member=Component R4 (R5) Resistor film, 5R1, ±5%, 0805, 0.125W, -55...+125°C
Added Member To Class: ClassName=CH16 Member=Component R5 (R) Resistor film, 100R, ±5%, 1206, 0.25W, -55...+125°C
Added Member To Class: ClassName=CH16 Member=Component R6 (R2) Resistor film, 10R, ±5%, 0805, 0.125W, -55...+125°C
Added Member To Class: ClassName=CH16 Member=Component R7 (R3) Resistor film, 10R, ±5%, 0805, 0.125W, -55...+125°C
Added Member To Class: ClassName=CH16 Member=Component VD2 (VD1) SHF757
Added Member To Class: ClassName=CH16 Member=Component VT2 (VT1) MOSFET N-channel transistor, 80V, 7A, 9.1nC, 2.5W, 34mOhm, 756pF, 8-TDSON, -55...+150°C
