Removed Pin From Net: NetName=NetR4_1 Pin=R4-1
Removed Pin From Net: NetName=NetR4_2 Pin=R4-2
Removed Pin From Net: NetName=NetR6_1 Pin=R6-1
Removed Pin From Net: NetName=NetR6_2 Pin=R6-2
Removed Pin From Net: NetName=NetR8_1 Pin=R8-1
Removed Pin From Net: NetName=NetR8_2 Pin=R8-2
Removed Pin From Net: NetName=NetR10_1 Pin=R10-1
Removed Pin From Net: NetName=NetR10_2 Pin=R10-2
Removed Pin From Net: NetName=NetR12_1 Pin=R12-1
Removed Pin From Net: NetName=NetR12_2 Pin=R12-2
Removed Pin From Net: NetName=NetR14_1 Pin=R14-1
Removed Pin From Net: NetName=NetR14_2 Pin=R14-2
Removed Pin From Net: NetName=NetR18_1 Pin=R18-1
Removed Pin From Net: NetName=NetR18_2 Pin=R18-2
Removed Pin From Net: NetName=NetR20_1 Pin=R20-1
Removed Pin From Net: NetName=NetR20_2 Pin=R20-2
Removed Pin From Net: NetName=NetR22_1 Pin=R22-1
Removed Pin From Net: NetName=NetR22_2 Pin=R22-2
Removed Pin From Net: NetName=NetR24_1 Pin=R24-1
Removed Pin From Net: NetName=NetR24_2 Pin=R24-2
Removed Pin From Net: NetName=NetR26_1 Pin=R26-1
Removed Pin From Net: NetName=NetR26_2 Pin=R26-2
Removed Pin From Net: NetName=NetR28_1 Pin=R28-1
Removed Pin From Net: NetName=NetR28_2 Pin=R28-2
Removed Pin From Net: NetName=NetR30_1 Pin=R30-1
Removed Pin From Net: NetName=NetR30_2 Pin=R30-2
Removed Pin From Net: NetName=NetR32_1 Pin=R32-1
Removed Pin From Net: NetName=NetR32_2 Pin=R32-2
Removed Pin From Net: NetName=NetR34_1 Pin=R34-1
Removed Pin From Net: NetName=NetR34_2 Pin=R34-2
Removed Pin From Net: NetName=NetR4_2 Pin=VD2-2
Removed Pin From Net: NetName=NetR6_2 Pin=VD3-2
Removed Pin From Net: NetName=NetR8_2 Pin=VD4-2
Removed Pin From Net: NetName=NetR10_2 Pin=VD5-2
Removed Pin From Net: NetName=NetR12_2 Pin=VD6-2
Removed Pin From Net: NetName=NetR14_2 Pin=VD7-2
Removed Pin From Net: NetName=NetR16_2 Pin=VD8-2
Removed Pin From Net: NetName=NetR18_2 Pin=VD9-2
Removed Pin From Net: NetName=NetR20_2 Pin=VD10-2
Removed Pin From Net: NetName=NetR22_2 Pin=VD11-2
Removed Pin From Net: NetName=NetR24_2 Pin=VD12-2
Removed Pin From Net: NetName=NetR26_2 Pin=VD13-2
Removed Pin From Net: NetName=NetR28_2 Pin=VD14-2
Removed Pin From Net: NetName=NetR30_2 Pin=VD15-2
Removed Pin From Net: NetName=NetR32_2 Pin=VD16-2
Removed Pin From Net: NetName=NetR34_2 Pin=VD17-2
Removed Pin From Net: NetName=NetR4_1 Pin=VT2-3
Removed Pin From Net: NetName=NetR6_1 Pin=VT3-3
Removed Pin From Net: NetName=NetR8_1 Pin=VT4-3
Removed Pin From Net: NetName=NetR10_1 Pin=VT5-3
Removed Pin From Net: NetName=NetR12_1 Pin=VT6-3
Removed Pin From Net: NetName=NetR14_1 Pin=VT7-3
Removed Pin From Net: NetName=NetR16_1 Pin=VT8-3
Removed Pin From Net: NetName=NetR18_1 Pin=VT9-3
Removed Pin From Net: NetName=NetR20_1 Pin=VT10-3
Removed Pin From Net: NetName=NetR22_1 Pin=VT11-3
Removed Pin From Net: NetName=NetR24_1 Pin=VT12-3
Removed Pin From Net: NetName=NetR26_1 Pin=VT13-3
Removed Pin From Net: NetName=NetR28_1 Pin=VT14-3
Removed Pin From Net: NetName=NetR30_1 Pin=VT15-3
Removed Pin From Net: NetName=NetR32_1 Pin=VT16-3
Removed Pin From Net: NetName=NetR34_1 Pin=VT17-3
Removed Member From Class: ClassName=CH16 Member=R4
Removed Member From Class: ClassName=CH15 Member=R6
Removed Member From Class: ClassName=CH14 Member=R8
Removed Member From Class: ClassName=CH13 Member=R10
Removed Member From Class: ClassName=CH12 Member=R12
Removed Member From Class: ClassName=CH11 Member=R14
Removed Member From Class: ClassName=CH2 Member=R15
Removed Member From Class: ClassName=CH10 Member=R16
Removed Member From Class: ClassName=CH9 Member=R18
Removed Member From Class: ClassName=CH8 Member=R20
Removed Member From Class: ClassName=CH7 Member=R22
Removed Member From Class: ClassName=CH6 Member=R24
Removed Member From Class: ClassName=CH5 Member=R26
Removed Member From Class: ClassName=CH4 Member=R28
Removed Member From Class: ClassName=CH3 Member=R30
Removed Member From Class: ClassName=CH2 Member=R32
Removed Member From Class: ClassName=CH1 Member=R34
Change Component Designator: OldDesignator=R15 NewDesignator=R?15
Change Component Designator: OldDesignator=R16 NewDesignator=R?16
Added Component: Designator=R?17(RES: 1206)
Add component (AddParameter): Name = "HelpURL"; Value = "https://www.digikey.com/product-detail/en/yageo/RC1206JR-07100RL/311-100ERCT-ND/732153"; VariantName = "[No Variations]"
Add component (AddParameter): Name = "Manufacturer"; Value = "Yageo"; VariantName = "[No Variations]"
Add component (AddParameter): Name = "Package"; Value = "1206"; VariantName = "[No Variations]"
Add component (AddParameter): Name = "PartNumber"; Value = "RC1206JR-07100RL"; VariantName = "[No Variations]"
Add component (AddParameter): Name = "Power"; Value = "0.25W"; VariantName = "[No Variations]"
Add component (AddParameter): Name = "Temperature"; Value = "-55...+125°C"; VariantName = "[No Variations]"
Add component (AddParameter): Name = "Tolerance"; Value = "±5%"; VariantName = "[No Variations]"
Add component (AddParameter): Name = "TypeResistor"; Value = "Resistor film"; VariantName = "[No Variations]"
Add component (AddParameter): Name = "Value"; Value = "5R1"; VariantName = "[No Variations]"
Add component (AddParameter): Name = "ValueManufacturerPartNumber"; Value = "Resistor film, 5R1, ±5%, 1206, 0.25W, -55...+125°C"; VariantName = "[No Variations]"
Added Component: Designator=R?18(RES: 0805)
Add component (AddParameter): Name = "HelpURL"; Value = "https://www.digikey.com/product-detail/en/yageo/RC0805JR-07100RL/311-100ARCT-ND/731185"; VariantName = "[No Variations]"
Add component (AddParameter): Name = "Manufacturer"; Value = "Yageo"; VariantName = "[No Variations]"
Add component (AddParameter): Name = "Package"; Value = "0805"; VariantName = "[No Variations]"
Add component (AddParameter): Name = "PartNumber"; Value = "RC0805JR-07100RL"; VariantName = "[No Variations]"
Add component (AddParameter): Name = "Power"; Value = "0.125W"; VariantName = "[No Variations]"
Add component (AddParameter): Name = "Temperature"; Value = "-55...+125°C"; VariantName = "[No Variations]"
Add component (AddParameter): Name = "Tolerance"; Value = "±5%"; VariantName = "[No Variations]"
Add component (AddParameter): Name = "TypeResistor"; Value = "Resistor film"; VariantName = "[No Variations]"
Add component (AddParameter): Name = "Value"; Value = "10R"; VariantName = "[No Variations]"
Add component (AddParameter): Name = "ValueManufacturerPartNumber"; Value = "Resistor film, 10R, ±5%, 0805, 0.125W, -55...+125°C"; VariantName = "[No Variations]"
Added Component: Designator=R?19(RES: 1206)
Add component (AddParameter): Name = "HelpURL"; Value = "https://www.digikey.com/product-detail/en/yageo/RC1206JR-07100RL/311-100ERCT-ND/732153"; VariantName = "[No Variations]"
Add component (AddParameter): Name = "Manufacturer"; Value = "Yageo"; VariantName = "[No Variations]"
Add component (AddParameter): Name = "Package"; Value = "1206"; VariantName = "[No Variations]"
Add component (AddParameter): Name = "PartNumber"; Value = "RC1206JR-07100RL"; VariantName = "[No Variations]"
Add component (AddParameter): Name = "Power"; Value = "0.25W"; VariantName = "[No Variations]"
Add component (AddParameter): Name = "Temperature"; Value = "-55...+125°C"; VariantName = "[No Variations]"
Add component (AddParameter): Name = "Tolerance"; Value = "±5%"; VariantName = "[No Variations]"
Add component (AddParameter): Name = "TypeResistor"; Value = "Resistor film"; VariantName = "[No Variations]"
Add component (AddParameter): Name = "Value"; Value = "5R1"; VariantName = "[No Variations]"
Add component (AddParameter): Name = "ValueManufacturerPartNumber"; Value = "Resistor film, 5R1, ±5%, 1206, 0.25W, -55...+125°C"; VariantName = "[No Variations]"
Added Component: Designator=R?20(RES: 0805)
Add component (AddParameter): Name = "HelpURL"; Value = "https://www.digikey.com/product-detail/en/yageo/RC0805JR-07100RL/311-100ARCT-ND/731185"; VariantName = "[No Variations]"
Add component (AddParameter): Name = "Manufacturer"; Value = "Yageo"; VariantName = "[No Variations]"
Add component (AddParameter): Name = "Package"; Value = "0805"; VariantName = "[No Variations]"
Add component (AddParameter): Name = "PartNumber"; Value = "RC0805JR-07100RL"; VariantName = "[No Variations]"
Add component (AddParameter): Name = "Power"; Value = "0.125W"; VariantName = "[No Variations]"
Add component (AddParameter): Name = "Temperature"; Value = "-55...+125°C"; VariantName = "[No Variations]"
Add component (AddParameter): Name = "Tolerance"; Value = "±5%"; VariantName = "[No Variations]"
Add component (AddParameter): Name = "TypeResistor"; Value = "Resistor film"; VariantName = "[No Variations]"
Add component (AddParameter): Name = "Value"; Value = "10R"; VariantName = "[No Variations]"
Add component (AddParameter): Name = "ValueManufacturerPartNumber"; Value = "Resistor film, 10R, ±5%, 0805, 0.125W, -55...+125°C"; VariantName = "[No Variations]"
Added Component: Designator=R?21(RES: 1206)
Add component (AddParameter): Name = "HelpURL"; Value = "https://www.digikey.com/product-detail/en/yageo/RC1206JR-07100RL/311-100ERCT-ND/732153"; VariantName = "[No Variations]"
Add component (AddParameter): Name = "Manufacturer"; Value = "Yageo"; VariantName = "[No Variations]"
Add component (AddParameter): Name = "Package"; Value = "1206"; VariantName = "[No Variations]"
Add component (AddParameter): Name = "PartNumber"; Value = "RC1206JR-07100RL"; VariantName = "[No Variations]"
Add component (AddParameter): Name = "Power"; Value = "0.25W"; VariantName = "[No Variations]"
Add component (AddParameter): Name = "Temperature"; Value = "-55...+125°C"; VariantName = "[No Variations]"
Add component (AddParameter): Name = "Tolerance"; Value = "±5%"; VariantName = "[No Variations]"
Add component (AddParameter): Name = "TypeResistor"; Value = "Resistor film"; VariantName = "[No Variations]"
Add component (AddParameter): Name = "Value"; Value = "5R1"; VariantName = "[No Variations]"
Add component (AddParameter): Name = "ValueManufacturerPartNumber"; Value = "Resistor film, 5R1, ±5%, 1206, 0.25W, -55...+125°C"; VariantName = "[No Variations]"
Added Component: Designator=R?22(RES: 0805)
Add component (AddParameter): Name = "HelpURL"; Value = "https://www.digikey.com/product-detail/en/yageo/RC0805JR-07100RL/311-100ARCT-ND/731185"; VariantName = "[No Variations]"
Add component (AddParameter): Name = "Manufacturer"; Value = "Yageo"; VariantName = "[No Variations]"
Add component (AddParameter): Name = "Package"; Value = "0805"; VariantName = "[No Variations]"
Add component (AddParameter): Name = "PartNumber"; Value = "RC0805JR-07100RL"; VariantName = "[No Variations]"
Add component (AddParameter): Name = "Power"; Value = "0.125W"; VariantName = "[No Variations]"
Add component (AddParameter): Name = "Temperature"; Value = "-55...+125°C"; VariantName = "[No Variations]"
Add component (AddParameter): Name = "Tolerance"; Value = "±5%"; VariantName = "[No Variations]"
Add component (AddParameter): Name = "TypeResistor"; Value = "Resistor film"; VariantName = "[No Variations]"
Add component (AddParameter): Name = "Value"; Value = "10R"; VariantName = "[No Variations]"
Add component (AddParameter): Name = "ValueManufacturerPartNumber"; Value = "Resistor film, 10R, ±5%, 0805, 0.125W, -55...+125°C"; VariantName = "[No Variations]"
Added Component: Designator=R?23(RES: 1206)
Add component (AddParameter): Name = "HelpURL"; Value = "https://www.digikey.com/product-detail/en/yageo/RC1206JR-07100RL/311-100ERCT-ND/732153"; VariantName = "[No Variations]"
Add component (AddParameter): Name = "Manufacturer"; Value = "Yageo"; VariantName = "[No Variations]"
Add component (AddParameter): Name = "Package"; Value = "1206"; VariantName = "[No Variations]"
Add component (AddParameter): Name = "PartNumber"; Value = "RC1206JR-07100RL"; VariantName = "[No Variations]"
Add component (AddParameter): Name = "Power"; Value = "0.25W"; VariantName = "[No Variations]"
Add component (AddParameter): Name = "Temperature"; Value = "-55...+125°C"; VariantName = "[No Variations]"
Add component (AddParameter): Name = "Tolerance"; Value = "±5%"; VariantName = "[No Variations]"
Add component (AddParameter): Name = "TypeResistor"; Value = "Resistor film"; VariantName = "[No Variations]"
Add component (AddParameter): Name = "Value"; Value = "5R1"; VariantName = "[No Variations]"
Add component (AddParameter): Name = "ValueManufacturerPartNumber"; Value = "Resistor film, 5R1, ±5%, 1206, 0.25W, -55...+125°C"; VariantName = "[No Variations]"
Added Component: Designator=R?24(RES: 0805)
Add component (AddParameter): Name = "HelpURL"; Value = "https://www.digikey.com/product-detail/en/yageo/RC0805JR-07100RL/311-100ARCT-ND/731185"; VariantName = "[No Variations]"
Add component (AddParameter): Name = "Manufacturer"; Value = "Yageo"; VariantName = "[No Variations]"
Add component (AddParameter): Name = "Package"; Value = "0805"; VariantName = "[No Variations]"
Add component (AddParameter): Name = "PartNumber"; Value = "RC0805JR-07100RL"; VariantName = "[No Variations]"
Add component (AddParameter): Name = "Power"; Value = "0.125W"; VariantName = "[No Variations]"
Add component (AddParameter): Name = "Temperature"; Value = "-55...+125°C"; VariantName = "[No Variations]"
Add component (AddParameter): Name = "Tolerance"; Value = "±5%"; VariantName = "[No Variations]"
Add component (AddParameter): Name = "TypeResistor"; Value = "Resistor film"; VariantName = "[No Variations]"
Add component (AddParameter): Name = "Value"; Value = "10R"; VariantName = "[No Variations]"
Add component (AddParameter): Name = "ValueManufacturerPartNumber"; Value = "Resistor film, 10R, ±5%, 0805, 0.125W, -55...+125°C"; VariantName = "[No Variations]"
Added Component: Designator=R?25(RES: 1206)
Add component (AddParameter): Name = "HelpURL"; Value = "https://www.digikey.com/product-detail/en/yageo/RC1206JR-07100RL/311-100ERCT-ND/732153"; VariantName = "[No Variations]"
Add component (AddParameter): Name = "Manufacturer"; Value = "Yageo"; VariantName = "[No Variations]"
Add component (AddParameter): Name = "Package"; Value = "1206"; VariantName = "[No Variations]"
Add component (AddParameter): Name = "PartNumber"; Value = "RC1206JR-07100RL"; VariantName = "[No Variations]"
Add component (AddParameter): Name = "Power"; Value = "0.25W"; VariantName = "[No Variations]"
Add component (AddParameter): Name = "Temperature"; Value = "-55...+125°C"; VariantName = "[No Variations]"
Add component (AddParameter): Name = "Tolerance"; Value = "±5%"; VariantName = "[No Variations]"
Add component (AddParameter): Name = "TypeResistor"; Value = "Resistor film"; VariantName = "[No Variations]"
Add component (AddParameter): Name = "Value"; Value = "5R1"; VariantName = "[No Variations]"
Add component (AddParameter): Name = "ValueManufacturerPartNumber"; Value = "Resistor film, 5R1, ±5%, 1206, 0.25W, -55...+125°C"; VariantName = "[No Variations]"
Added Component: Designator=R?26(RES: 0805)
Add component (AddParameter): Name = "HelpURL"; Value = "https://www.digikey.com/product-detail/en/yageo/RC0805JR-07100RL/311-100ARCT-ND/731185"; VariantName = "[No Variations]"
Add component (AddParameter): Name = "Manufacturer"; Value = "Yageo"; VariantName = "[No Variations]"
Add component (AddParameter): Name = "Package"; Value = "0805"; VariantName = "[No Variations]"
Add component (AddParameter): Name = "PartNumber"; Value = "RC0805JR-07100RL"; VariantName = "[No Variations]"
Add component (AddParameter): Name = "Power"; Value = "0.125W"; VariantName = "[No Variations]"
Add component (AddParameter): Name = "Temperature"; Value = "-55...+125°C"; VariantName = "[No Variations]"
Add component (AddParameter): Name = "Tolerance"; Value = "±5%"; VariantName = "[No Variations]"
Add component (AddParameter): Name = "TypeResistor"; Value = "Resistor film"; VariantName = "[No Variations]"
Add component (AddParameter): Name = "Value"; Value = "10R"; VariantName = "[No Variations]"
Add component (AddParameter): Name = "ValueManufacturerPartNumber"; Value = "Resistor film, 10R, ±5%, 0805, 0.125W, -55...+125°C"; VariantName = "[No Variations]"
Added Component: Designator=R?27(RES: 1206)
Add component (AddParameter): Name = "HelpURL"; Value = "https://www.digikey.com/product-detail/en/yageo/RC1206JR-07100RL/311-100ERCT-ND/732153"; VariantName = "[No Variations]"
Add component (AddParameter): Name = "Manufacturer"; Value = "Yageo"; VariantName = "[No Variations]"
Add component (AddParameter): Name = "Package"; Value = "1206"; VariantName = "[No Variations]"
Add component (AddParameter): Name = "PartNumber"; Value = "RC1206JR-07100RL"; VariantName = "[No Variations]"
Add component (AddParameter): Name = "Power"; Value = "0.25W"; VariantName = "[No Variations]"
Add component (AddParameter): Name = "Temperature"; Value = "-55...+125°C"; VariantName = "[No Variations]"
Add component (AddParameter): Name = "Tolerance"; Value = "±5%"; VariantName = "[No Variations]"
Add component (AddParameter): Name = "TypeResistor"; Value = "Resistor film"; VariantName = "[No Variations]"
Add component (AddParameter): Name = "Value"; Value = "5R1"; VariantName = "[No Variations]"
Add component (AddParameter): Name = "ValueManufacturerPartNumber"; Value = "Resistor film, 5R1, ±5%, 1206, 0.25W, -55...+125°C"; VariantName = "[No Variations]"
Added Component: Designator=R?28(RES: 0805)
Add component (AddParameter): Name = "HelpURL"; Value = "https://www.digikey.com/product-detail/en/yageo/RC0805JR-07100RL/311-100ARCT-ND/731185"; VariantName = "[No Variations]"
Add component (AddParameter): Name = "Manufacturer"; Value = "Yageo"; VariantName = "[No Variations]"
Add component (AddParameter): Name = "Package"; Value = "0805"; VariantName = "[No Variations]"
Add component (AddParameter): Name = "PartNumber"; Value = "RC0805JR-07100RL"; VariantName = "[No Variations]"
Add component (AddParameter): Name = "Power"; Value = "0.125W"; VariantName = "[No Variations]"
Add component (AddParameter): Name = "Temperature"; Value = "-55...+125°C"; VariantName = "[No Variations]"
Add component (AddParameter): Name = "Tolerance"; Value = "±5%"; VariantName = "[No Variations]"
Add component (AddParameter): Name = "TypeResistor"; Value = "Resistor film"; VariantName = "[No Variations]"
Add component (AddParameter): Name = "Value"; Value = "10R"; VariantName = "[No Variations]"
Add component (AddParameter): Name = "ValueManufacturerPartNumber"; Value = "Resistor film, 10R, ±5%, 0805, 0.125W, -55...+125°C"; VariantName = "[No Variations]"
Added Component: Designator=R?29(RES: 1206)
Add component (AddParameter): Name = "HelpURL"; Value = "https://www.digikey.com/product-detail/en/yageo/RC1206JR-07100RL/311-100ERCT-ND/732153"; VariantName = "[No Variations]"
Add component (AddParameter): Name = "Manufacturer"; Value = "Yageo"; VariantName = "[No Variations]"
Add component (AddParameter): Name = "Package"; Value = "1206"; VariantName = "[No Variations]"
Add component (AddParameter): Name = "PartNumber"; Value = "RC1206JR-07100RL"; VariantName = "[No Variations]"
Add component (AddParameter): Name = "Power"; Value = "0.25W"; VariantName = "[No Variations]"
Add component (AddParameter): Name = "Temperature"; Value = "-55...+125°C"; VariantName = "[No Variations]"
Add component (AddParameter): Name = "Tolerance"; Value = "±5%"; VariantName = "[No Variations]"
Add component (AddParameter): Name = "TypeResistor"; Value = "Resistor film"; VariantName = "[No Variations]"
Add component (AddParameter): Name = "Value"; Value = "5R1"; VariantName = "[No Variations]"
Add component (AddParameter): Name = "ValueManufacturerPartNumber"; Value = "Resistor film, 5R1, ±5%, 1206, 0.25W, -55...+125°C"; VariantName = "[No Variations]"
Added Component: Designator=R?30(RES: 0805)
Add component (AddParameter): Name = "HelpURL"; Value = "https://www.digikey.com/product-detail/en/yageo/RC0805JR-07100RL/311-100ARCT-ND/731185"; VariantName = "[No Variations]"
Add component (AddParameter): Name = "Manufacturer"; Value = "Yageo"; VariantName = "[No Variations]"
Add component (AddParameter): Name = "Package"; Value = "0805"; VariantName = "[No Variations]"
Add component (AddParameter): Name = "PartNumber"; Value = "RC0805JR-07100RL"; VariantName = "[No Variations]"
Add component (AddParameter): Name = "Power"; Value = "0.125W"; VariantName = "[No Variations]"
Add component (AddParameter): Name = "Temperature"; Value = "-55...+125°C"; VariantName = "[No Variations]"
Add component (AddParameter): Name = "Tolerance"; Value = "±5%"; VariantName = "[No Variations]"
Add component (AddParameter): Name = "TypeResistor"; Value = "Resistor film"; VariantName = "[No Variations]"
Add component (AddParameter): Name = "Value"; Value = "10R"; VariantName = "[No Variations]"
Add component (AddParameter): Name = "ValueManufacturerPartNumber"; Value = "Resistor film, 10R, ±5%, 0805, 0.125W, -55...+125°C"; VariantName = "[No Variations]"
Added Component: Designator=R?31(RES: 1206)
Add component (AddParameter): Name = "HelpURL"; Value = "https://www.digikey.com/product-detail/en/yageo/RC1206JR-07100RL/311-100ERCT-ND/732153"; VariantName = "[No Variations]"
Add component (AddParameter): Name = "Manufacturer"; Value = "Yageo"; VariantName = "[No Variations]"
Add component (AddParameter): Name = "Package"; Value = "1206"; VariantName = "[No Variations]"
Add component (AddParameter): Name = "PartNumber"; Value = "RC1206JR-07100RL"; VariantName = "[No Variations]"
Add component (AddParameter): Name = "Power"; Value = "0.25W"; VariantName = "[No Variations]"
Add component (AddParameter): Name = "Temperature"; Value = "-55...+125°C"; VariantName = "[No Variations]"
Add component (AddParameter): Name = "Tolerance"; Value = "±5%"; VariantName = "[No Variations]"
Add component (AddParameter): Name = "TypeResistor"; Value = "Resistor film"; VariantName = "[No Variations]"
Add component (AddParameter): Name = "Value"; Value = "5R1"; VariantName = "[No Variations]"
Add component (AddParameter): Name = "ValueManufacturerPartNumber"; Value = "Resistor film, 5R1, ±5%, 1206, 0.25W, -55...+125°C"; VariantName = "[No Variations]"
Added Component: Designator=R?32(RES: 0805)
Add component (AddParameter): Name = "HelpURL"; Value = "https://www.digikey.com/product-detail/en/yageo/RC0805JR-07100RL/311-100ARCT-ND/731185"; VariantName = "[No Variations]"
Add component (AddParameter): Name = "Manufacturer"; Value = "Yageo"; VariantName = "[No Variations]"
Add component (AddParameter): Name = "Package"; Value = "0805"; VariantName = "[No Variations]"
Add component (AddParameter): Name = "PartNumber"; Value = "RC0805JR-07100RL"; VariantName = "[No Variations]"
Add component (AddParameter): Name = "Power"; Value = "0.125W"; VariantName = "[No Variations]"
Add component (AddParameter): Name = "Temperature"; Value = "-55...+125°C"; VariantName = "[No Variations]"
Add component (AddParameter): Name = "Tolerance"; Value = "±5%"; VariantName = "[No Variations]"
Add component (AddParameter): Name = "TypeResistor"; Value = "Resistor film"; VariantName = "[No Variations]"
Add component (AddParameter): Name = "Value"; Value = "10R"; VariantName = "[No Variations]"
Add component (AddParameter): Name = "ValueManufacturerPartNumber"; Value = "Resistor film, 10R, ±5%, 0805, 0.125W, -55...+125°C"; VariantName = "[No Variations]"
Added Component: Designator=R?33(RES: 1206)
Add component (AddParameter): Name = "HelpURL"; Value = "https://www.digikey.com/product-detail/en/yageo/RC1206JR-07100RL/311-100ERCT-ND/732153"; VariantName = "[No Variations]"
Add component (AddParameter): Name = "Manufacturer"; Value = "Yageo"; VariantName = "[No Variations]"
Add component (AddParameter): Name = "Package"; Value = "1206"; VariantName = "[No Variations]"
Add component (AddParameter): Name = "PartNumber"; Value = "RC1206JR-07100RL"; VariantName = "[No Variations]"
Add component (AddParameter): Name = "Power"; Value = "0.25W"; VariantName = "[No Variations]"
Add component (AddParameter): Name = "Temperature"; Value = "-55...+125°C"; VariantName = "[No Variations]"
Add component (AddParameter): Name = "Tolerance"; Value = "±5%"; VariantName = "[No Variations]"
Add component (AddParameter): Name = "TypeResistor"; Value = "Resistor film"; VariantName = "[No Variations]"
Add component (AddParameter): Name = "Value"; Value = "5R1"; VariantName = "[No Variations]"
Add component (AddParameter): Name = "ValueManufacturerPartNumber"; Value = "Resistor film, 5R1, ±5%, 1206, 0.25W, -55...+125°C"; VariantName = "[No Variations]"
Added Component: Designator=R?34(RES: 0805)
Add component (AddParameter): Name = "HelpURL"; Value = "https://www.digikey.com/product-detail/en/yageo/RC0805JR-07100RL/311-100ARCT-ND/731185"; VariantName = "[No Variations]"
Add component (AddParameter): Name = "Manufacturer"; Value = "Yageo"; VariantName = "[No Variations]"
Add component (AddParameter): Name = "Package"; Value = "0805"; VariantName = "[No Variations]"
Add component (AddParameter): Name = "PartNumber"; Value = "RC0805JR-07100RL"; VariantName = "[No Variations]"
Add component (AddParameter): Name = "Power"; Value = "0.125W"; VariantName = "[No Variations]"
Add component (AddParameter): Name = "Temperature"; Value = "-55...+125°C"; VariantName = "[No Variations]"
Add component (AddParameter): Name = "Tolerance"; Value = "±5%"; VariantName = "[No Variations]"
Add component (AddParameter): Name = "TypeResistor"; Value = "Resistor film"; VariantName = "[No Variations]"
Add component (AddParameter): Name = "Value"; Value = "10R"; VariantName = "[No Variations]"
Add component (AddParameter): Name = "ValueManufacturerPartNumber"; Value = "Resistor film, 10R, ±5%, 0805, 0.125W, -55...+125°C"; VariantName = "[No Variations]"
Added Component: Designator=R?35(RES: 1206)
Add component (AddParameter): Name = "HelpURL"; Value = "https://www.digikey.com/product-detail/en/yageo/RC1206JR-07100RL/311-100ERCT-ND/732153"; VariantName = "[No Variations]"
Add component (AddParameter): Name = "Manufacturer"; Value = "Yageo"; VariantName = "[No Variations]"
Add component (AddParameter): Name = "Package"; Value = "1206"; VariantName = "[No Variations]"
Add component (AddParameter): Name = "PartNumber"; Value = "RC1206JR-07100RL"; VariantName = "[No Variations]"
Add component (AddParameter): Name = "Power"; Value = "0.25W"; VariantName = "[No Variations]"
Add component (AddParameter): Name = "Temperature"; Value = "-55...+125°C"; VariantName = "[No Variations]"
Add component (AddParameter): Name = "Tolerance"; Value = "±5%"; VariantName = "[No Variations]"
Add component (AddParameter): Name = "TypeResistor"; Value = "Resistor film"; VariantName = "[No Variations]"
Add component (AddParameter): Name = "Value"; Value = "5R1"; VariantName = "[No Variations]"
Add component (AddParameter): Name = "ValueManufacturerPartNumber"; Value = "Resistor film, 5R1, ±5%, 1206, 0.25W, -55...+125°C"; VariantName = "[No Variations]"
Added Component: Designator=R?36(RES: 0805)
Add component (AddParameter): Name = "HelpURL"; Value = "https://www.digikey.com/product-detail/en/yageo/RC0805JR-07100RL/311-100ARCT-ND/731185"; VariantName = "[No Variations]"
Add component (AddParameter): Name = "Manufacturer"; Value = "Yageo"; VariantName = "[No Variations]"
Add component (AddParameter): Name = "Package"; Value = "0805"; VariantName = "[No Variations]"
Add component (AddParameter): Name = "PartNumber"; Value = "RC0805JR-07100RL"; VariantName = "[No Variations]"
Add component (AddParameter): Name = "Power"; Value = "0.125W"; VariantName = "[No Variations]"
Add component (AddParameter): Name = "Temperature"; Value = "-55...+125°C"; VariantName = "[No Variations]"
Add component (AddParameter): Name = "Tolerance"; Value = "±5%"; VariantName = "[No Variations]"
Add component (AddParameter): Name = "TypeResistor"; Value = "Resistor film"; VariantName = "[No Variations]"
Add component (AddParameter): Name = "Value"; Value = "10R"; VariantName = "[No Variations]"
Add component (AddParameter): Name = "ValueManufacturerPartNumber"; Value = "Resistor film, 10R, ±5%, 0805, 0.125W, -55...+125°C"; VariantName = "[No Variations]"
Added Component: Designator=R?37(RES: 1206)
Add component (AddParameter): Name = "HelpURL"; Value = "https://www.digikey.com/product-detail/en/yageo/RC1206JR-07100RL/311-100ERCT-ND/732153"; VariantName = "[No Variations]"
Add component (AddParameter): Name = "Manufacturer"; Value = "Yageo"; VariantName = "[No Variations]"
Add component (AddParameter): Name = "Package"; Value = "1206"; VariantName = "[No Variations]"
Add component (AddParameter): Name = "PartNumber"; Value = "RC1206JR-07100RL"; VariantName = "[No Variations]"
Add component (AddParameter): Name = "Power"; Value = "0.25W"; VariantName = "[No Variations]"
Add component (AddParameter): Name = "Temperature"; Value = "-55...+125°C"; VariantName = "[No Variations]"
Add component (AddParameter): Name = "Tolerance"; Value = "±5%"; VariantName = "[No Variations]"
Add component (AddParameter): Name = "TypeResistor"; Value = "Resistor film"; VariantName = "[No Variations]"
Add component (AddParameter): Name = "Value"; Value = "5R1"; VariantName = "[No Variations]"
Add component (AddParameter): Name = "ValueManufacturerPartNumber"; Value = "Resistor film, 5R1, ±5%, 1206, 0.25W, -55...+125°C"; VariantName = "[No Variations]"
Added Component: Designator=R?38(RES: 0805)
Add component (AddParameter): Name = "HelpURL"; Value = "https://www.digikey.com/product-detail/en/yageo/RC0805JR-07100RL/311-100ARCT-ND/731185"; VariantName = "[No Variations]"
Add component (AddParameter): Name = "Manufacturer"; Value = "Yageo"; VariantName = "[No Variations]"
Add component (AddParameter): Name = "Package"; Value = "0805"; VariantName = "[No Variations]"
Add component (AddParameter): Name = "PartNumber"; Value = "RC0805JR-07100RL"; VariantName = "[No Variations]"
Add component (AddParameter): Name = "Power"; Value = "0.125W"; VariantName = "[No Variations]"
Add component (AddParameter): Name = "Temperature"; Value = "-55...+125°C"; VariantName = "[No Variations]"
Add component (AddParameter): Name = "Tolerance"; Value = "±5%"; VariantName = "[No Variations]"
Add component (AddParameter): Name = "TypeResistor"; Value = "Resistor film"; VariantName = "[No Variations]"
Add component (AddParameter): Name = "Value"; Value = "10R"; VariantName = "[No Variations]"
Add component (AddParameter): Name = "ValueManufacturerPartNumber"; Value = "Resistor film, 10R, ±5%, 0805, 0.125W, -55...+125°C"; VariantName = "[No Variations]"
Added Component: Designator=R?39(RES: 1206)
Add component (AddParameter): Name = "HelpURL"; Value = "https://www.digikey.com/product-detail/en/yageo/RC1206JR-07100RL/311-100ERCT-ND/732153"; VariantName = "[No Variations]"
Add component (AddParameter): Name = "Manufacturer"; Value = "Yageo"; VariantName = "[No Variations]"
Add component (AddParameter): Name = "Package"; Value = "1206"; VariantName = "[No Variations]"
Add component (AddParameter): Name = "PartNumber"; Value = "RC1206JR-07100RL"; VariantName = "[No Variations]"
Add component (AddParameter): Name = "Power"; Value = "0.25W"; VariantName = "[No Variations]"
Add component (AddParameter): Name = "Temperature"; Value = "-55...+125°C"; VariantName = "[No Variations]"
Add component (AddParameter): Name = "Tolerance"; Value = "±5%"; VariantName = "[No Variations]"
Add component (AddParameter): Name = "TypeResistor"; Value = "Resistor film"; VariantName = "[No Variations]"
Add component (AddParameter): Name = "Value"; Value = "5R1"; VariantName = "[No Variations]"
Add component (AddParameter): Name = "ValueManufacturerPartNumber"; Value = "Resistor film, 5R1, ±5%, 1206, 0.25W, -55...+125°C"; VariantName = "[No Variations]"
Added Component: Designator=R?40(RES: 0805)
Add component (AddParameter): Name = "HelpURL"; Value = "https://www.digikey.com/product-detail/en/yageo/RC0805JR-07100RL/311-100ARCT-ND/731185"; VariantName = "[No Variations]"
Add component (AddParameter): Name = "Manufacturer"; Value = "Yageo"; VariantName = "[No Variations]"
Add component (AddParameter): Name = "Package"; Value = "0805"; VariantName = "[No Variations]"
Add component (AddParameter): Name = "PartNumber"; Value = "RC0805JR-07100RL"; VariantName = "[No Variations]"
Add component (AddParameter): Name = "Power"; Value = "0.125W"; VariantName = "[No Variations]"
Add component (AddParameter): Name = "Temperature"; Value = "-55...+125°C"; VariantName = "[No Variations]"
Add component (AddParameter): Name = "Tolerance"; Value = "±5%"; VariantName = "[No Variations]"
Add component (AddParameter): Name = "TypeResistor"; Value = "Resistor film"; VariantName = "[No Variations]"
Add component (AddParameter): Name = "Value"; Value = "10R"; VariantName = "[No Variations]"
Add component (AddParameter): Name = "ValueManufacturerPartNumber"; Value = "Resistor film, 10R, ±5%, 0805, 0.125W, -55...+125°C"; VariantName = "[No Variations]"
Added Component: Designator=R?41(RES: 1206)
Add component (AddParameter): Name = "HelpURL"; Value = "https://www.digikey.com/product-detail/en/yageo/RC1206JR-07100RL/311-100ERCT-ND/732153"; VariantName = "[No Variations]"
Add component (AddParameter): Name = "Manufacturer"; Value = "Yageo"; VariantName = "[No Variations]"
Add component (AddParameter): Name = "Package"; Value = "1206"; VariantName = "[No Variations]"
Add component (AddParameter): Name = "PartNumber"; Value = "RC1206JR-07100RL"; VariantName = "[No Variations]"
Add component (AddParameter): Name = "Power"; Value = "0.25W"; VariantName = "[No Variations]"
Add component (AddParameter): Name = "Temperature"; Value = "-55...+125°C"; VariantName = "[No Variations]"
Add component (AddParameter): Name = "Tolerance"; Value = "±5%"; VariantName = "[No Variations]"
Add component (AddParameter): Name = "TypeResistor"; Value = "Resistor film"; VariantName = "[No Variations]"
Add component (AddParameter): Name = "Value"; Value = "5R1"; VariantName = "[No Variations]"
Add component (AddParameter): Name = "ValueManufacturerPartNumber"; Value = "Resistor film, 5R1, ±5%, 1206, 0.25W, -55...+125°C"; VariantName = "[No Variations]"
Added Component: Designator=R?42(RES: 0805)
Add component (AddParameter): Name = "HelpURL"; Value = "https://www.digikey.com/product-detail/en/yageo/RC0805JR-07100RL/311-100ARCT-ND/731185"; VariantName = "[No Variations]"
Add component (AddParameter): Name = "Manufacturer"; Value = "Yageo"; VariantName = "[No Variations]"
Add component (AddParameter): Name = "Package"; Value = "0805"; VariantName = "[No Variations]"
Add component (AddParameter): Name = "PartNumber"; Value = "RC0805JR-07100RL"; VariantName = "[No Variations]"
Add component (AddParameter): Name = "Power"; Value = "0.125W"; VariantName = "[No Variations]"
Add component (AddParameter): Name = "Temperature"; Value = "-55...+125°C"; VariantName = "[No Variations]"
Add component (AddParameter): Name = "Tolerance"; Value = "±5%"; VariantName = "[No Variations]"
Add component (AddParameter): Name = "TypeResistor"; Value = "Resistor film"; VariantName = "[No Variations]"
Add component (AddParameter): Name = "Value"; Value = "10R"; VariantName = "[No Variations]"
Add component (AddParameter): Name = "ValueManufacturerPartNumber"; Value = "Resistor film, 10R, ±5%, 0805, 0.125W, -55...+125°C"; VariantName = "[No Variations]"
Added Component: Designator=R?43(RES: 1206)
Add component (AddParameter): Name = "HelpURL"; Value = "https://www.digikey.com/product-detail/en/yageo/RC1206JR-07100RL/311-100ERCT-ND/732153"; VariantName = "[No Variations]"
Add component (AddParameter): Name = "Manufacturer"; Value = "Yageo"; VariantName = "[No Variations]"
Add component (AddParameter): Name = "Package"; Value = "1206"; VariantName = "[No Variations]"
Add component (AddParameter): Name = "PartNumber"; Value = "RC1206JR-07100RL"; VariantName = "[No Variations]"
Add component (AddParameter): Name = "Power"; Value = "0.25W"; VariantName = "[No Variations]"
Add component (AddParameter): Name = "Temperature"; Value = "-55...+125°C"; VariantName = "[No Variations]"
Add component (AddParameter): Name = "Tolerance"; Value = "±5%"; VariantName = "[No Variations]"
Add component (AddParameter): Name = "TypeResistor"; Value = "Resistor film"; VariantName = "[No Variations]"
Add component (AddParameter): Name = "Value"; Value = "5R1"; VariantName = "[No Variations]"
Add component (AddParameter): Name = "ValueManufacturerPartNumber"; Value = "Resistor film, 5R1, ±5%, 1206, 0.25W, -55...+125°C"; VariantName = "[No Variations]"
Added Component: Designator=R?44(RES: 0805)
Add component (AddParameter): Name = "HelpURL"; Value = "https://www.digikey.com/product-detail/en/yageo/RC0805JR-07100RL/311-100ARCT-ND/731185"; VariantName = "[No Variations]"
Add component (AddParameter): Name = "Manufacturer"; Value = "Yageo"; VariantName = "[No Variations]"
Add component (AddParameter): Name = "Package"; Value = "0805"; VariantName = "[No Variations]"
Add component (AddParameter): Name = "PartNumber"; Value = "RC0805JR-07100RL"; VariantName = "[No Variations]"
Add component (AddParameter): Name = "Power"; Value = "0.125W"; VariantName = "[No Variations]"
Add component (AddParameter): Name = "Temperature"; Value = "-55...+125°C"; VariantName = "[No Variations]"
Add component (AddParameter): Name = "Tolerance"; Value = "±5%"; VariantName = "[No Variations]"
Add component (AddParameter): Name = "TypeResistor"; Value = "Resistor film"; VariantName = "[No Variations]"
Add component (AddParameter): Name = "Value"; Value = "10R"; VariantName = "[No Variations]"
Add component (AddParameter): Name = "ValueManufacturerPartNumber"; Value = "Resistor film, 10R, ±5%, 0805, 0.125W, -55...+125°C"; VariantName = "[No Variations]"
Added Component: Designator=R?45(RES: 1206)
Add component (AddParameter): Name = "HelpURL"; Value = "https://www.digikey.com/product-detail/en/yageo/RC1206JR-07100RL/311-100ERCT-ND/732153"; VariantName = "[No Variations]"
Add component (AddParameter): Name = "Manufacturer"; Value = "Yageo"; VariantName = "[No Variations]"
Add component (AddParameter): Name = "Package"; Value = "1206"; VariantName = "[No Variations]"
Add component (AddParameter): Name = "PartNumber"; Value = "RC1206JR-07100RL"; VariantName = "[No Variations]"
Add component (AddParameter): Name = "Power"; Value = "0.25W"; VariantName = "[No Variations]"
Add component (AddParameter): Name = "Temperature"; Value = "-55...+125°C"; VariantName = "[No Variations]"
Add component (AddParameter): Name = "Tolerance"; Value = "±5%"; VariantName = "[No Variations]"
Add component (AddParameter): Name = "TypeResistor"; Value = "Resistor film"; VariantName = "[No Variations]"
Add component (AddParameter): Name = "Value"; Value = "5R1"; VariantName = "[No Variations]"
Add component (AddParameter): Name = "ValueManufacturerPartNumber"; Value = "Resistor film, 5R1, ±5%, 1206, 0.25W, -55...+125°C"; VariantName = "[No Variations]"
Added Component: Designator=R?46(RES: 0805)
Add component (AddParameter): Name = "HelpURL"; Value = "https://www.digikey.com/product-detail/en/yageo/RC0805JR-07100RL/311-100ARCT-ND/731185"; VariantName = "[No Variations]"
Add component (AddParameter): Name = "Manufacturer"; Value = "Yageo"; VariantName = "[No Variations]"
Add component (AddParameter): Name = "Package"; Value = "0805"; VariantName = "[No Variations]"
Add component (AddParameter): Name = "PartNumber"; Value = "RC0805JR-07100RL"; VariantName = "[No Variations]"
Add component (AddParameter): Name = "Power"; Value = "0.125W"; VariantName = "[No Variations]"
Add component (AddParameter): Name = "Temperature"; Value = "-55...+125°C"; VariantName = "[No Variations]"
Add component (AddParameter): Name = "Tolerance"; Value = "±5%"; VariantName = "[No Variations]"
Add component (AddParameter): Name = "TypeResistor"; Value = "Resistor film"; VariantName = "[No Variations]"
Add component (AddParameter): Name = "Value"; Value = "10R"; VariantName = "[No Variations]"
Add component (AddParameter): Name = "ValueManufacturerPartNumber"; Value = "Resistor film, 10R, ±5%, 0805, 0.125W, -55...+125°C"; VariantName = "[No Variations]"
Added Component: Designator=R?47(RES: 1206)
Add component (AddParameter): Name = "HelpURL"; Value = "https://www.digikey.com/product-detail/en/yageo/RC1206JR-07100RL/311-100ERCT-ND/732153"; VariantName = "[No Variations]"
Add component (AddParameter): Name = "Manufacturer"; Value = "Yageo"; VariantName = "[No Variations]"
Add component (AddParameter): Name = "Package"; Value = "1206"; VariantName = "[No Variations]"
Add component (AddParameter): Name = "PartNumber"; Value = "RC1206JR-07100RL"; VariantName = "[No Variations]"
Add component (AddParameter): Name = "Power"; Value = "0.25W"; VariantName = "[No Variations]"
Add component (AddParameter): Name = "Temperature"; Value = "-55...+125°C"; VariantName = "[No Variations]"
Add component (AddParameter): Name = "Tolerance"; Value = "±5%"; VariantName = "[No Variations]"
Add component (AddParameter): Name = "TypeResistor"; Value = "Resistor film"; VariantName = "[No Variations]"
Add component (AddParameter): Name = "Value"; Value = "5R1"; VariantName = "[No Variations]"
Add component (AddParameter): Name = "ValueManufacturerPartNumber"; Value = "Resistor film, 5R1, ±5%, 1206, 0.25W, -55...+125°C"; VariantName = "[No Variations]"
Added Component: Designator=R?48(RES: 0805)
Add component (AddParameter): Name = "HelpURL"; Value = "https://www.digikey.com/product-detail/en/yageo/RC0805JR-07100RL/311-100ARCT-ND/731185"; VariantName = "[No Variations]"
Add component (AddParameter): Name = "Manufacturer"; Value = "Yageo"; VariantName = "[No Variations]"
Add component (AddParameter): Name = "Package"; Value = "0805"; VariantName = "[No Variations]"
Add component (AddParameter): Name = "PartNumber"; Value = "RC0805JR-07100RL"; VariantName = "[No Variations]"
Add component (AddParameter): Name = "Power"; Value = "0.125W"; VariantName = "[No Variations]"
Add component (AddParameter): Name = "Temperature"; Value = "-55...+125°C"; VariantName = "[No Variations]"
Add component (AddParameter): Name = "Tolerance"; Value = "±5%"; VariantName = "[No Variations]"
Add component (AddParameter): Name = "TypeResistor"; Value = "Resistor film"; VariantName = "[No Variations]"
Add component (AddParameter): Name = "Value"; Value = "10R"; VariantName = "[No Variations]"
Add component (AddParameter): Name = "ValueManufacturerPartNumber"; Value = "Resistor film, 10R, ±5%, 0805, 0.125W, -55...+125°C"; VariantName = "[No Variations]"
Added Pin To Net: NetName=NetR34_2 Pin=R?17-1
Added Pin To Net: NetName=NetR34_1 Pin=R?17-2
Added Pin To Net: NetName=GND Pin=R?18-1
Added Pin To Net: NetName=NetR5_2 Pin=R?18-2
Added Pin To Net: NetName=NetR32_2 Pin=R?19-1
Added Pin To Net: NetName=NetR32_1 Pin=R?19-2
Added Pin To Net: NetName=GND Pin=R?20-1
Added Pin To Net: NetName=NetR7_2 Pin=R?20-2
Added Pin To Net: NetName=NetR30_2 Pin=R?21-1
Added Pin To Net: NetName=NetR30_1 Pin=R?21-2
Added Pin To Net: NetName=GND Pin=R?22-1
Added Pin To Net: NetName=NetR9_2 Pin=R?22-2
Added Pin To Net: NetName=NetR28_2 Pin=R?23-1
Added Pin To Net: NetName=NetR28_1 Pin=R?23-2
Added Pin To Net: NetName=GND Pin=R?24-1
Added Pin To Net: NetName=NetR11_2 Pin=R?24-2
Added Pin To Net: NetName=NetR26_2 Pin=R?25-1
Added Pin To Net: NetName=NetR26_1 Pin=R?25-2
Added Pin To Net: NetName=GND Pin=R?26-1
Added Pin To Net: NetName=NetR13_2 Pin=R?26-2
Added Pin To Net: NetName=NetR24_2 Pin=R?27-1
Added Pin To Net: NetName=NetR24_1 Pin=R?27-2
Added Pin To Net: NetName=GND Pin=R?28-1
Added Pin To Net: NetName=NetR15_2 Pin=R?28-2
Added Pin To Net: NetName=NetR22_2 Pin=R?29-1
Added Pin To Net: NetName=NetR22_1 Pin=R?29-2
Added Pin To Net: NetName=GND Pin=R?30-1
Added Pin To Net: NetName=NetR17_2 Pin=R?30-2
Added Pin To Net: NetName=NetR20_2 Pin=R?31-1
Added Pin To Net: NetName=NetR20_1 Pin=R?31-2
Added Pin To Net: NetName=GND Pin=R?32-1
Added Pin To Net: NetName=NetR19_2 Pin=R?32-2
Added Pin To Net: NetName=NetR18_2 Pin=R?33-1
Added Pin To Net: NetName=NetR18_1 Pin=R?33-2
Added Pin To Net: NetName=GND Pin=R?34-1
Added Pin To Net: NetName=NetR21_2 Pin=R?34-2
Added Pin To Net: NetName=NetR16_2 Pin=R?35-1
Added Pin To Net: NetName=NetR16_1 Pin=R?35-2
Added Pin To Net: NetName=GND Pin=R?36-1
Added Pin To Net: NetName=NetR23_2 Pin=R?36-2
Added Pin To Net: NetName=NetR14_2 Pin=R?37-1
Added Pin To Net: NetName=NetR14_1 Pin=R?37-2
Added Pin To Net: NetName=GND Pin=R?38-1
Added Pin To Net: NetName=NetR25_2 Pin=R?38-2
Added Pin To Net: NetName=NetR12_2 Pin=R?39-1
Added Pin To Net: NetName=NetR12_1 Pin=R?39-2
Added Pin To Net: NetName=GND Pin=R?40-1
Added Pin To Net: NetName=NetR27_2 Pin=R?40-2
Added Pin To Net: NetName=NetR10_2 Pin=R?41-1
Added Pin To Net: NetName=NetR10_1 Pin=R?41-2
Added Pin To Net: NetName=GND Pin=R?42-1
Added Pin To Net: NetName=NetR29_2 Pin=R?42-2
Added Pin To Net: NetName=NetR8_2 Pin=R?43-1
Added Pin To Net: NetName=NetR8_1 Pin=R?43-2
Added Pin To Net: NetName=GND Pin=R?44-1
Added Pin To Net: NetName=NetR31_2 Pin=R?44-2
Added Pin To Net: NetName=NetR6_2 Pin=R?45-1
Added Pin To Net: NetName=NetR6_1 Pin=R?45-2
Added Pin To Net: NetName=GND Pin=R?46-1
Added Pin To Net: NetName=NetR33_2 Pin=R?46-2
Added Pin To Net: NetName=NetR4_2 Pin=R?47-1
Added Pin To Net: NetName=NetR4_1 Pin=R?47-2
Added Pin To Net: NetName=GND Pin=R?48-1
Added Pin To Net: NetName=NetR35_2 Pin=R?48-2
Added Pin To Net: NetName=NetR34_1 Pin=VD2-2
Added Pin To Net: NetName=NetR32_1 Pin=VD3-2
Added Pin To Net: NetName=NetR30_1 Pin=VD4-2
Added Pin To Net: NetName=NetR28_1 Pin=VD5-2
Added Pin To Net: NetName=NetR26_1 Pin=VD6-2
Added Pin To Net: NetName=NetR24_1 Pin=VD7-2
Added Pin To Net: NetName=NetR22_1 Pin=VD8-2
Added Pin To Net: NetName=NetR20_1 Pin=VD9-2
Added Pin To Net: NetName=NetR18_1 Pin=VD10-2
Added Pin To Net: NetName=NetR16_1 Pin=VD11-2
Added Pin To Net: NetName=NetR14_1 Pin=VD12-2
Added Pin To Net: NetName=NetR12_1 Pin=VD13-2
Added Pin To Net: NetName=NetR10_1 Pin=VD14-2
Added Pin To Net: NetName=NetR8_1 Pin=VD15-2
Added Pin To Net: NetName=NetR6_1 Pin=VD16-2
Added Pin To Net: NetName=NetR4_1 Pin=VD17-2
Added Pin To Net: NetName=NetR34_2 Pin=VT2-3
Added Pin To Net: NetName=NetR32_2 Pin=VT3-3
Added Pin To Net: NetName=NetR30_2 Pin=VT4-3
Added Pin To Net: NetName=NetR28_2 Pin=VT5-3
Added Pin To Net: NetName=NetR26_2 Pin=VT6-3
Added Pin To Net: NetName=NetR24_2 Pin=VT7-3
Added Pin To Net: NetName=NetR22_2 Pin=VT8-3
Added Pin To Net: NetName=NetR20_2 Pin=VT9-3
Added Pin To Net: NetName=NetR18_2 Pin=VT10-3
Added Pin To Net: NetName=NetR16_2 Pin=VT11-3
Added Pin To Net: NetName=NetR14_2 Pin=VT12-3
Added Pin To Net: NetName=NetR12_2 Pin=VT13-3
Added Pin To Net: NetName=NetR10_2 Pin=VT14-3
Added Pin To Net: NetName=NetR8_2 Pin=VT15-3
Added Pin To Net: NetName=NetR6_2 Pin=VT16-3
Added Pin To Net: NetName=NetR4_2 Pin=VT17-3
Change Net Name : Old Net Name=NetR4_1 New Net Name=NetR?47_2
Change Net Name : Old Net Name=NetR4_2 New Net Name=NetR?47_1
Change Net Name : Old Net Name=NetR6_1 New Net Name=NetR?45_2
Change Net Name : Old Net Name=NetR6_2 New Net Name=NetR?45_1
Change Net Name : Old Net Name=NetR8_1 New Net Name=NetR?43_2
Change Net Name : Old Net Name=NetR8_2 New Net Name=NetR?43_1
Change Net Name : Old Net Name=NetR10_1 New Net Name=NetR?41_2
Change Net Name : Old Net Name=NetR10_2 New Net Name=NetR?41_1
Change Net Name : Old Net Name=NetR12_1 New Net Name=NetR?39_2
Change Net Name : Old Net Name=NetR12_2 New Net Name=NetR?39_1
Change Net Name : Old Net Name=NetR14_1 New Net Name=NetR?37_2
Change Net Name : Old Net Name=NetR14_2 New Net Name=NetR?37_1
Change Net Name : Old Net Name=NetR16_1 New Net Name=NetR?35_2
Change Net Name : Old Net Name=NetR16_2 New Net Name=NetR?35_1
Change Net Name : Old Net Name=NetR18_1 New Net Name=NetR?33_2
Change Net Name : Old Net Name=NetR18_2 New Net Name=NetR?33_1
Change Net Name : Old Net Name=NetR20_1 New Net Name=NetR?31_2
Change Net Name : Old Net Name=NetR20_2 New Net Name=NetR?31_1
Change Net Name : Old Net Name=NetR22_1 New Net Name=NetR?29_2
Change Net Name : Old Net Name=NetR22_2 New Net Name=NetR?29_1
Change Net Name : Old Net Name=NetR24_1 New Net Name=NetR?27_2
Change Net Name : Old Net Name=NetR24_2 New Net Name=NetR?27_1
Change Net Name : Old Net Name=NetR26_1 New Net Name=NetR?25_2
Change Net Name : Old Net Name=NetR26_2 New Net Name=NetR?25_1
Change Net Name : Old Net Name=NetR28_1 New Net Name=NetR?23_2
Change Net Name : Old Net Name=NetR28_2 New Net Name=NetR?23_1
Change Net Name : Old Net Name=NetR30_1 New Net Name=NetR?21_2
Change Net Name : Old Net Name=NetR30_2 New Net Name=NetR?21_1
Change Net Name : Old Net Name=NetR32_1 New Net Name=NetR?19_2
Change Net Name : Old Net Name=NetR32_2 New Net Name=NetR?19_1
Change Net Name : Old Net Name=NetR34_1 New Net Name=NetR?17_2
Change Net Name : Old Net Name=NetR34_2 New Net Name=NetR?17_1
Added Member To Class: ClassName=CH2 Member=Component R?15 (R?) Resistor film, 5R1, ±5%, 0805, 0.125W, -55...+125°C
Added Member To Class: ClassName=CH16 Member=Component R?17 (R?) Resistor film, 5R1, ±5%, 1206, 0.25W, -55...+125°C
Added Member To Class: ClassName=CH16 Member=Component R?18 (R?) Resistor film, 10R, ±5%, 0805, 0.125W, -55...+125°C
Added Member To Class: ClassName=CH15 Member=Component R?19 (R?) Resistor film, 5R1, ±5%, 1206, 0.25W, -55...+125°C
Added Member To Class: ClassName=CH15 Member=Component R?20 (R?) Resistor film, 10R, ±5%, 0805, 0.125W, -55...+125°C
Added Member To Class: ClassName=CH14 Member=Component R?21 (R?) Resistor film, 5R1, ±5%, 1206, 0.25W, -55...+125°C
Added Member To Class: ClassName=CH14 Member=Component R?22 (R?) Resistor film, 10R, ±5%, 0805, 0.125W, -55...+125°C
Added Member To Class: ClassName=CH13 Member=Component R?23 (R?) Resistor film, 5R1, ±5%, 1206, 0.25W, -55...+125°C
Added Member To Class: ClassName=CH13 Member=Component R?24 (R?) Resistor film, 10R, ±5%, 0805, 0.125W, -55...+125°C
Added Member To Class: ClassName=CH12 Member=Component R?25 (R?) Resistor film, 5R1, ±5%, 1206, 0.25W, -55...+125°C
Added Member To Class: ClassName=CH12 Member=Component R?26 (R?) Resistor film, 10R, ±5%, 0805, 0.125W, -55...+125°C
Added Member To Class: ClassName=CH11 Member=Component R?27 (R?) Resistor film, 5R1, ±5%, 1206, 0.25W, -55...+125°C
Added Member To Class: ClassName=CH11 Member=Component R?28 (R?) Resistor film, 10R, ±5%, 0805, 0.125W, -55...+125°C
Added Member To Class: ClassName=CH10 Member=Component R?29 (R?) Resistor film, 5R1, ±5%, 1206, 0.25W, -55...+125°C
Added Member To Class: ClassName=CH10 Member=Component R?30 (R?) Resistor film, 10R, ±5%, 0805, 0.125W, -55...+125°C
Added Member To Class: ClassName=CH9 Member=Component R?31 (R?) Resistor film, 5R1, ±5%, 1206, 0.25W, -55...+125°C
Added Member To Class: ClassName=CH9 Member=Component R?32 (R?) Resistor film, 10R, ±5%, 0805, 0.125W, -55...+125°C
Added Member To Class: ClassName=CH8 Member=Component R?33 (R?) Resistor film, 5R1, ±5%, 1206, 0.25W, -55...+125°C
Added Member To Class: ClassName=CH8 Member=Component R?34 (R?) Resistor film, 10R, ±5%, 0805, 0.125W, -55...+125°C
Added Member To Class: ClassName=CH7 Member=Component R?35 (R?) Resistor film, 5R1, ±5%, 1206, 0.25W, -55...+125°C
Added Member To Class: ClassName=CH7 Member=Component R?36 (R?) Resistor film, 10R, ±5%, 0805, 0.125W, -55...+125°C
Added Member To Class: ClassName=CH6 Member=Component R?37 (R?) Resistor film, 5R1, ±5%, 1206, 0.25W, -55...+125°C
Added Member To Class: ClassName=CH6 Member=Component R?38 (R?) Resistor film, 10R, ±5%, 0805, 0.125W, -55...+125°C
Added Member To Class: ClassName=CH5 Member=Component R?39 (R?) Resistor film, 5R1, ±5%, 1206, 0.25W, -55...+125°C
Added Member To Class: ClassName=CH5 Member=Component R?40 (R?) Resistor film, 10R, ±5%, 0805, 0.125W, -55...+125°C
Added Member To Class: ClassName=CH4 Member=Component R?41 (R?) Resistor film, 5R1, ±5%, 1206, 0.25W, -55...+125°C
Added Member To Class: ClassName=CH4 Member=Component R?42 (R?) Resistor film, 10R, ±5%, 0805, 0.125W, -55...+125°C
Added Member To Class: ClassName=CH3 Member=Component R?43 (R?) Resistor film, 5R1, ±5%, 1206, 0.25W, -55...+125°C
Added Member To Class: ClassName=CH3 Member=Component R?44 (R?) Resistor film, 10R, ±5%, 0805, 0.125W, -55...+125°C
Added Member To Class: ClassName=CH2 Member=Component R?45 (R?) Resistor film, 5R1, ±5%, 1206, 0.25W, -55...+125°C
Added Member To Class: ClassName=CH2 Member=Component R?46 (R?) Resistor film, 10R, ±5%, 0805, 0.125W, -55...+125°C
Added Member To Class: ClassName=CH1 Member=Component R?47 (R?) Resistor film, 5R1, ±5%, 1206, 0.25W, -55...+125°C
Added Member To Class: ClassName=CH1 Member=Component R?48 (R?) Resistor film, 10R, ±5%, 0805, 0.125W, -55...+125°C
Added Member To Class: ClassName=CORE Member=Component X2 (X3) Connector, 20pin, 2.54mm, 500VAC, 3A
