Change Component Physical Designator: Old Designator=C1_Designator1 New Designator=C2
Change Component Physical Designator: Old Designator=C1_Designator2 New Designator=C3
Change Component Physical Designator: Old Designator=C1_Designator3 New Designator=C4
Change Component Physical Designator: Old Designator=C1_Designator4 New Designator=C5
Change Component Physical Designator: Old Designator=C1_Designator5 New Designator=C6
Change Component Physical Designator: Old Designator=C1_Designator6 New Designator=C7
Change Component Physical Designator: Old Designator=C1_Designator7 New Designator=C8
Change Component Physical Designator: Old Designator=C1_Designator8 New Designator=C9
Change Component Physical Designator: Old Designator=C1_Designator9 New Designator=C10
Change Component Physical Designator: Old Designator=C1_Designator10 New Designator=C11
Change Component Physical Designator: Old Designator=C1_Designator11 New Designator=C12
Change Component Physical Designator: Old Designator=C1_Designator12 New Designator=C13
Change Component Physical Designator: Old Designator=C1_Designator13 New Designator=C14
Change Component Physical Designator: Old Designator=C1_Designator14 New Designator=C15
Change Component Physical Designator: Old Designator=C1_Designator15 New Designator=C16
Change Component Physical Designator: Old Designator=C1_Designator16 New Designator=C17
Change Component Physical Designator: Old Designator=C2 New Designator=C1
Change Component Physical Designator: Old Designator=R1_Designator1 New Designator=R4
Change Component Physical Designator: Old Designator=R1_Designator2 New Designator=R6
Change Component Physical Designator: Old Designator=R1_Designator3 New Designator=R8
Change Component Physical Designator: Old Designator=R1_Designator4 New Designator=R10
Change Component Physical Designator: Old Designator=R1_Designator5 New Designator=R12
Change Component Physical Designator: Old Designator=R1_Designator6 New Designator=R14
Change Component Physical Designator: Old Designator=R1_Designator7 New Designator=R16
Change Component Physical Designator: Old Designator=R1_Designator8 New Designator=R18
Change Component Physical Designator: Old Designator=R1_Designator9 New Designator=R20
Change Component Physical Designator: Old Designator=R1_Designator10 New Designator=R22
Change Component Physical Designator: Old Designator=R1_Designator11 New Designator=R24
Change Component Physical Designator: Old Designator=R1_Designator12 New Designator=R26
Change Component Physical Designator: Old Designator=R1_Designator13 New Designator=R28
Change Component Physical Designator: Old Designator=R1_Designator14 New Designator=R30
Change Component Physical Designator: Old Designator=R1_Designator15 New Designator=R32
Change Component Physical Designator: Old Designator=R1_Designator16 New Designator=R34
Change Component Physical Designator: Old Designator=R2_Designator1 New Designator=R5
Change Component Physical Designator: Old Designator=R2_Designator2 New Designator=R7
Change Component Physical Designator: Old Designator=R2_Designator3 New Designator=R9
Change Component Physical Designator: Old Designator=R2_Designator4 New Designator=R11
Change Component Physical Designator: Old Designator=R2_Designator5 New Designator=R13
Change Component Physical Designator: Old Designator=R2_Designator6 New Designator=R15
Change Component Physical Designator: Old Designator=R2_Designator7 New Designator=R17
Change Component Physical Designator: Old Designator=R2_Designator8 New Designator=R19
Change Component Physical Designator: Old Designator=R2_Designator9 New Designator=R21
Change Component Physical Designator: Old Designator=R2_Designator10 New Designator=R23
Change Component Physical Designator: Old Designator=R2_Designator11 New Designator=R25
Change Component Physical Designator: Old Designator=R2_Designator12 New Designator=R27
Change Component Physical Designator: Old Designator=R2_Designator13 New Designator=R29
Change Component Physical Designator: Old Designator=R2_Designator14 New Designator=R31
Change Component Physical Designator: Old Designator=R2_Designator15 New Designator=R33
Change Component Physical Designator: Old Designator=R2_Designator16 New Designator=R35
Change Component Physical Designator: Old Designator=R3 New Designator=R1
Change Component Physical Designator: Old Designator=R4 New Designator=R2
Change Component Physical Designator: Old Designator=R5 New Designator=R3
Change Component Physical Designator: Old Designator=VD1_Designator1 New Designator=VD2
Change Component Physical Designator: Old Designator=VD1_Designator2 New Designator=VD3
Change Component Physical Designator: Old Designator=VD1_Designator3 New Designator=VD4
Change Component Physical Designator: Old Designator=VD1_Designator4 New Designator=VD5
Change Component Physical Designator: Old Designator=VD1_Designator5 New Designator=VD6
Change Component Physical Designator: Old Designator=VD1_Designator6 New Designator=VD7
Change Component Physical Designator: Old Designator=VD1_Designator7 New Designator=VD8
Change Component Physical Designator: Old Designator=VD1_Designator8 New Designator=VD9
Change Component Physical Designator: Old Designator=VD1_Designator9 New Designator=VD10
Change Component Physical Designator: Old Designator=VD1_Designator10 New Designator=VD11
Change Component Physical Designator: Old Designator=VD1_Designator11 New Designator=VD12
Change Component Physical Designator: Old Designator=VD1_Designator12 New Designator=VD13
Change Component Physical Designator: Old Designator=VD1_Designator13 New Designator=VD14
Change Component Physical Designator: Old Designator=VD1_Designator14 New Designator=VD15
Change Component Physical Designator: Old Designator=VD1_Designator15 New Designator=VD16
Change Component Physical Designator: Old Designator=VD1_Designator16 New Designator=VD17
Change Component Physical Designator: Old Designator=VD2 New Designator=VD1
Change Component Physical Designator: Old Designator=VT1_Designator1 New Designator=VT2
Change Component Physical Designator: Old Designator=VT1_Designator2 New Designator=VT3
Change Component Physical Designator: Old Designator=VT1_Designator3 New Designator=VT4
Change Component Physical Designator: Old Designator=VT1_Designator4 New Designator=VT5
Change Component Physical Designator: Old Designator=VT1_Designator5 New Designator=VT6
Change Component Physical Designator: Old Designator=VT1_Designator6 New Designator=VT7
Change Component Physical Designator: Old Designator=VT1_Designator7 New Designator=VT8
Change Component Physical Designator: Old Designator=VT1_Designator8 New Designator=VT9
Change Component Physical Designator: Old Designator=VT1_Designator9 New Designator=VT10
Change Component Physical Designator: Old Designator=VT1_Designator10 New Designator=VT11
Change Component Physical Designator: Old Designator=VT1_Designator11 New Designator=VT12
Change Component Physical Designator: Old Designator=VT1_Designator12 New Designator=VT13
Change Component Physical Designator: Old Designator=VT1_Designator13 New Designator=VT14
Change Component Physical Designator: Old Designator=VT1_Designator14 New Designator=VT15
Change Component Physical Designator: Old Designator=VT1_Designator15 New Designator=VT16
Change Component Physical Designator: Old Designator=VT1_Designator16 New Designator=VT17
Change Component Physical Designator: Old Designator=VT2 New Designator=VT1
Change Component Physical Designator: Old Designator=X1 New Designator=X3
Change Component Physical Designator: Old Designator=X3 New Designator=X1
